[2025-02-11 10:40:27] local.ERROR: could not find driver (SQL: select * from information_schema.tables where table_schema = houzeo_db and table_name = migrations and table_type = 'BASE TABLE') {"exception":"[object] (Illuminate\\Database\\QueryException(code: 0): could not find driver (SQL: select * from information_schema.tables where table_schema = houzeo_db and table_name = migrations and table_type = 'BASE TABLE') at /var/www/html/houzeo-assignment/vendor/laravel/framework/src/Illuminate/Database/Connection.php:671)
[stacktrace]
#0 /var/www/html/houzeo-assignment/vendor/laravel/framework/src/Illuminate/Database/Connection.php(631): Illuminate\\Database\\Connection->runQueryCallback()
#1 /var/www/html/houzeo-assignment/vendor/laravel/framework/src/Illuminate/Database/Connection.php(339): Illuminate\\Database\\Connection->run()
#2 /var/www/html/houzeo-assignment/vendor/laravel/framework/src/Illuminate/Database/Schema/MySqlBuilder.php(18): Illuminate\\Database\\Connection->select()
#3 /var/www/html/houzeo-assignment/vendor/laravel/framework/src/Illuminate/Database/Migrations/DatabaseMigrationRepository.php(169): Illuminate\\Database\\Schema\\MySqlBuilder->hasTable()
#4 /var/www/html/houzeo-assignment/vendor/laravel/framework/src/Illuminate/Database/Migrations/Migrator.php(608): Illuminate\\Database\\Migrations\\DatabaseMigrationRepository->repositoryExists()
#5 /var/www/html/houzeo-assignment/vendor/laravel/framework/src/Illuminate/Database/Console/Migrations/MigrateCommand.php(93): Illuminate\\Database\\Migrations\\Migrator->repositoryExists()
#6 /var/www/html/houzeo-assignment/vendor/laravel/framework/src/Illuminate/Database/Console/Migrations/MigrateCommand.php(64): Illuminate\\Database\\Console\\Migrations\\MigrateCommand->prepareDatabase()
#7 /var/www/html/houzeo-assignment/vendor/laravel/framework/src/Illuminate/Database/Migrations/Migrator.php(541): Illuminate\\Database\\Console\\Migrations\\MigrateCommand->Illuminate\\Database\\Console\\Migrations\\{closure}()
#8 /var/www/html/houzeo-assignment/vendor/laravel/framework/src/Illuminate/Database/Console/Migrations/MigrateCommand.php(81): Illuminate\\Database\\Migrations\\Migrator->usingConnection()
#9 /var/www/html/houzeo-assignment/vendor/laravel/framework/src/Illuminate/Container/BoundMethod.php(36): Illuminate\\Database\\Console\\Migrations\\MigrateCommand->handle()
#10 /var/www/html/houzeo-assignment/vendor/laravel/framework/src/Illuminate/Container/Util.php(37): Illuminate\\Container\\BoundMethod::Illuminate\\Container\\{closure}()
#11 /var/www/html/houzeo-assignment/vendor/laravel/framework/src/Illuminate/Container/BoundMethod.php(93): Illuminate\\Container\\Util::unwrapIfClosure()
#12 /var/www/html/houzeo-assignment/vendor/laravel/framework/src/Illuminate/Container/BoundMethod.php(37): Illuminate\\Container\\BoundMethod::callBoundMethod()
#13 /var/www/html/houzeo-assignment/vendor/laravel/framework/src/Illuminate/Container/Container.php(596): Illuminate\\Container\\BoundMethod::call()
#14 /var/www/html/houzeo-assignment/vendor/laravel/framework/src/Illuminate/Console/Command.php(134): Illuminate\\Container\\Container->call()
#15 /var/www/html/houzeo-assignment/vendor/symfony/console/Command/Command.php(256): Illuminate\\Console\\Command->execute()
#16 /var/www/html/houzeo-assignment/vendor/laravel/framework/src/Illuminate/Console/Command.php(121): Symfony\\Component\\Console\\Command\\Command->run()
#17 /var/www/html/houzeo-assignment/vendor/symfony/console/Application.php(971): Illuminate\\Console\\Command->run()
#18 /var/www/html/houzeo-assignment/vendor/symfony/console/Application.php(290): Symfony\\Component\\Console\\Application->doRunCommand()
#19 /var/www/html/houzeo-assignment/vendor/symfony/console/Application.php(166): Symfony\\Component\\Console\\Application->doRun()
#20 /var/www/html/houzeo-assignment/vendor/laravel/framework/src/Illuminate/Console/Application.php(93): Symfony\\Component\\Console\\Application->run()
#21 /var/www/html/houzeo-assignment/vendor/laravel/framework/src/Illuminate/Foundation/Console/Kernel.php(129): Illuminate\\Console\\Application->run()
#22 /var/www/html/houzeo-assignment/artisan(37): Illuminate\\Foundation\\Console\\Kernel->handle()
#23 {main}

[previous exception] [object] (PDOException(code: 0): could not find driver at /var/www/html/houzeo-assignment/vendor/laravel/framework/src/Illuminate/Database/Connectors/Connector.php:70)
[stacktrace]
#0 /var/www/html/houzeo-assignment/vendor/laravel/framework/src/Illuminate/Database/Connectors/Connector.php(70): PDO->__construct()
#1 /var/www/html/houzeo-assignment/vendor/laravel/framework/src/Illuminate/Database/Connectors/Connector.php(46): Illuminate\\Database\\Connectors\\Connector->createPdoConnection()
#2 /var/www/html/houzeo-assignment/vendor/laravel/framework/src/Illuminate/Database/Connectors/MySqlConnector.php(24): Illuminate\\Database\\Connectors\\Connector->createConnection()
#3 /var/www/html/houzeo-assignment/vendor/laravel/framework/src/Illuminate/Database/Connectors/ConnectionFactory.php(184): Illuminate\\Database\\Connectors\\MySqlConnector->connect()
#4 [internal function]: Illuminate\\Database\\Connectors\\ConnectionFactory->Illuminate\\Database\\Connectors\\{closure}()
#5 /var/www/html/houzeo-assignment/vendor/laravel/framework/src/Illuminate/Database/Connection.php(926): call_user_func()
#6 /var/www/html/houzeo-assignment/vendor/laravel/framework/src/Illuminate/Database/Connection.php(961): Illuminate\\Database\\Connection->getPdo()
#7 /var/www/html/houzeo-assignment/vendor/laravel/framework/src/Illuminate/Database/Connection.php(405): Illuminate\\Database\\Connection->getReadPdo()
#8 /var/www/html/houzeo-assignment/vendor/laravel/framework/src/Illuminate/Database/Connection.php(331): Illuminate\\Database\\Connection->getPdoForSelect()
#9 /var/www/html/houzeo-assignment/vendor/laravel/framework/src/Illuminate/Database/Connection.php(664): Illuminate\\Database\\Connection->Illuminate\\Database\\{closure}()
#10 /var/www/html/houzeo-assignment/vendor/laravel/framework/src/Illuminate/Database/Connection.php(631): Illuminate\\Database\\Connection->runQueryCallback()
#11 /var/www/html/houzeo-assignment/vendor/laravel/framework/src/Illuminate/Database/Connection.php(339): Illuminate\\Database\\Connection->run()
#12 /var/www/html/houzeo-assignment/vendor/laravel/framework/src/Illuminate/Database/Schema/MySqlBuilder.php(18): Illuminate\\Database\\Connection->select()
#13 /var/www/html/houzeo-assignment/vendor/laravel/framework/src/Illuminate/Database/Migrations/DatabaseMigrationRepository.php(169): Illuminate\\Database\\Schema\\MySqlBuilder->hasTable()
#14 /var/www/html/houzeo-assignment/vendor/laravel/framework/src/Illuminate/Database/Migrations/Migrator.php(608): Illuminate\\Database\\Migrations\\DatabaseMigrationRepository->repositoryExists()
#15 /var/www/html/houzeo-assignment/vendor/laravel/framework/src/Illuminate/Database/Console/Migrations/MigrateCommand.php(93): Illuminate\\Database\\Migrations\\Migrator->repositoryExists()
#16 /var/www/html/houzeo-assignment/vendor/laravel/framework/src/Illuminate/Database/Console/Migrations/MigrateCommand.php(64): Illuminate\\Database\\Console\\Migrations\\MigrateCommand->prepareDatabase()
#17 /var/www/html/houzeo-assignment/vendor/laravel/framework/src/Illuminate/Database/Migrations/Migrator.php(541): Illuminate\\Database\\Console\\Migrations\\MigrateCommand->Illuminate\\Database\\Console\\Migrations\\{closure}()
#18 /var/www/html/houzeo-assignment/vendor/laravel/framework/src/Illuminate/Database/Console/Migrations/MigrateCommand.php(81): Illuminate\\Database\\Migrations\\Migrator->usingConnection()
#19 /var/www/html/houzeo-assignment/vendor/laravel/framework/src/Illuminate/Container/BoundMethod.php(36): Illuminate\\Database\\Console\\Migrations\\MigrateCommand->handle()
#20 /var/www/html/houzeo-assignment/vendor/laravel/framework/src/Illuminate/Container/Util.php(37): Illuminate\\Container\\BoundMethod::Illuminate\\Container\\{closure}()
#21 /var/www/html/houzeo-assignment/vendor/laravel/framework/src/Illuminate/Container/BoundMethod.php(93): Illuminate\\Container\\Util::unwrapIfClosure()
#22 /var/www/html/houzeo-assignment/vendor/laravel/framework/src/Illuminate/Container/BoundMethod.php(37): Illuminate\\Container\\BoundMethod::callBoundMethod()
#23 /var/www/html/houzeo-assignment/vendor/laravel/framework/src/Illuminate/Container/Container.php(596): Illuminate\\Container\\BoundMethod::call()
#24 /var/www/html/houzeo-assignment/vendor/laravel/framework/src/Illuminate/Console/Command.php(134): Illuminate\\Container\\Container->call()
#25 /var/www/html/houzeo-assignment/vendor/symfony/console/Command/Command.php(256): Illuminate\\Console\\Command->execute()
#26 /var/www/html/houzeo-assignment/vendor/laravel/framework/src/Illuminate/Console/Command.php(121): Symfony\\Component\\Console\\Command\\Command->run()
#27 /var/www/html/houzeo-assignment/vendor/symfony/console/Application.php(971): Illuminate\\Console\\Command->run()
#28 /var/www/html/houzeo-assignment/vendor/symfony/console/Application.php(290): Symfony\\Component\\Console\\Application->doRunCommand()
#29 /var/www/html/houzeo-assignment/vendor/symfony/console/Application.php(166): Symfony\\Component\\Console\\Application->doRun()
#30 /var/www/html/houzeo-assignment/vendor/laravel/framework/src/Illuminate/Console/Application.php(93): Symfony\\Component\\Console\\Application->run()
#31 /var/www/html/houzeo-assignment/vendor/laravel/framework/src/Illuminate/Foundation/Console/Kernel.php(129): Illuminate\\Console\\Application->run()
#32 /var/www/html/houzeo-assignment/artisan(37): Illuminate\\Foundation\\Console\\Kernel->handle()
#33 {main}
"} 
[2025-02-11 10:41:26] local.ERROR: could not find driver (SQL: select * from information_schema.tables where table_schema = houzeo_db and table_name = migrations and table_type = 'BASE TABLE') {"exception":"[object] (Illuminate\\Database\\QueryException(code: 0): could not find driver (SQL: select * from information_schema.tables where table_schema = houzeo_db and table_name = migrations and table_type = 'BASE TABLE') at /var/www/html/houzeo-assignment/vendor/laravel/framework/src/Illuminate/Database/Connection.php:671)
[stacktrace]
#0 /var/www/html/houzeo-assignment/vendor/laravel/framework/src/Illuminate/Database/Connection.php(631): Illuminate\\Database\\Connection->runQueryCallback()
#1 /var/www/html/houzeo-assignment/vendor/laravel/framework/src/Illuminate/Database/Connection.php(339): Illuminate\\Database\\Connection->run()
#2 /var/www/html/houzeo-assignment/vendor/laravel/framework/src/Illuminate/Database/Schema/MySqlBuilder.php(18): Illuminate\\Database\\Connection->select()
#3 /var/www/html/houzeo-assignment/vendor/laravel/framework/src/Illuminate/Database/Migrations/DatabaseMigrationRepository.php(169): Illuminate\\Database\\Schema\\MySqlBuilder->hasTable()
#4 /var/www/html/houzeo-assignment/vendor/laravel/framework/src/Illuminate/Database/Migrations/Migrator.php(608): Illuminate\\Database\\Migrations\\DatabaseMigrationRepository->repositoryExists()
#5 /var/www/html/houzeo-assignment/vendor/laravel/framework/src/Illuminate/Database/Console/Migrations/MigrateCommand.php(93): Illuminate\\Database\\Migrations\\Migrator->repositoryExists()
#6 /var/www/html/houzeo-assignment/vendor/laravel/framework/src/Illuminate/Database/Console/Migrations/MigrateCommand.php(64): Illuminate\\Database\\Console\\Migrations\\MigrateCommand->prepareDatabase()
#7 /var/www/html/houzeo-assignment/vendor/laravel/framework/src/Illuminate/Database/Migrations/Migrator.php(541): Illuminate\\Database\\Console\\Migrations\\MigrateCommand->Illuminate\\Database\\Console\\Migrations\\{closure}()
#8 /var/www/html/houzeo-assignment/vendor/laravel/framework/src/Illuminate/Database/Console/Migrations/MigrateCommand.php(81): Illuminate\\Database\\Migrations\\Migrator->usingConnection()
#9 /var/www/html/houzeo-assignment/vendor/laravel/framework/src/Illuminate/Container/BoundMethod.php(36): Illuminate\\Database\\Console\\Migrations\\MigrateCommand->handle()
#10 /var/www/html/houzeo-assignment/vendor/laravel/framework/src/Illuminate/Container/Util.php(37): Illuminate\\Container\\BoundMethod::Illuminate\\Container\\{closure}()
#11 /var/www/html/houzeo-assignment/vendor/laravel/framework/src/Illuminate/Container/BoundMethod.php(93): Illuminate\\Container\\Util::unwrapIfClosure()
#12 /var/www/html/houzeo-assignment/vendor/laravel/framework/src/Illuminate/Container/BoundMethod.php(37): Illuminate\\Container\\BoundMethod::callBoundMethod()
#13 /var/www/html/houzeo-assignment/vendor/laravel/framework/src/Illuminate/Container/Container.php(596): Illuminate\\Container\\BoundMethod::call()
#14 /var/www/html/houzeo-assignment/vendor/laravel/framework/src/Illuminate/Console/Command.php(134): Illuminate\\Container\\Container->call()
#15 /var/www/html/houzeo-assignment/vendor/symfony/console/Command/Command.php(256): Illuminate\\Console\\Command->execute()
#16 /var/www/html/houzeo-assignment/vendor/laravel/framework/src/Illuminate/Console/Command.php(121): Symfony\\Component\\Console\\Command\\Command->run()
#17 /var/www/html/houzeo-assignment/vendor/symfony/console/Application.php(971): Illuminate\\Console\\Command->run()
#18 /var/www/html/houzeo-assignment/vendor/symfony/console/Application.php(290): Symfony\\Component\\Console\\Application->doRunCommand()
#19 /var/www/html/houzeo-assignment/vendor/symfony/console/Application.php(166): Symfony\\Component\\Console\\Application->doRun()
#20 /var/www/html/houzeo-assignment/vendor/laravel/framework/src/Illuminate/Console/Application.php(93): Symfony\\Component\\Console\\Application->run()
#21 /var/www/html/houzeo-assignment/vendor/laravel/framework/src/Illuminate/Foundation/Console/Kernel.php(129): Illuminate\\Console\\Application->run()
#22 /var/www/html/houzeo-assignment/artisan(37): Illuminate\\Foundation\\Console\\Kernel->handle()
#23 {main}

[previous exception] [object] (PDOException(code: 0): could not find driver at /var/www/html/houzeo-assignment/vendor/laravel/framework/src/Illuminate/Database/Connectors/Connector.php:70)
[stacktrace]
#0 /var/www/html/houzeo-assignment/vendor/laravel/framework/src/Illuminate/Database/Connectors/Connector.php(70): PDO->__construct()
#1 /var/www/html/houzeo-assignment/vendor/laravel/framework/src/Illuminate/Database/Connectors/Connector.php(46): Illuminate\\Database\\Connectors\\Connector->createPdoConnection()
#2 /var/www/html/houzeo-assignment/vendor/laravel/framework/src/Illuminate/Database/Connectors/MySqlConnector.php(24): Illuminate\\Database\\Connectors\\Connector->createConnection()
#3 /var/www/html/houzeo-assignment/vendor/laravel/framework/src/Illuminate/Database/Connectors/ConnectionFactory.php(184): Illuminate\\Database\\Connectors\\MySqlConnector->connect()
#4 [internal function]: Illuminate\\Database\\Connectors\\ConnectionFactory->Illuminate\\Database\\Connectors\\{closure}()
#5 /var/www/html/houzeo-assignment/vendor/laravel/framework/src/Illuminate/Database/Connection.php(926): call_user_func()
#6 /var/www/html/houzeo-assignment/vendor/laravel/framework/src/Illuminate/Database/Connection.php(961): Illuminate\\Database\\Connection->getPdo()
#7 /var/www/html/houzeo-assignment/vendor/laravel/framework/src/Illuminate/Database/Connection.php(405): Illuminate\\Database\\Connection->getReadPdo()
#8 /var/www/html/houzeo-assignment/vendor/laravel/framework/src/Illuminate/Database/Connection.php(331): Illuminate\\Database\\Connection->getPdoForSelect()
#9 /var/www/html/houzeo-assignment/vendor/laravel/framework/src/Illuminate/Database/Connection.php(664): Illuminate\\Database\\Connection->Illuminate\\Database\\{closure}()
#10 /var/www/html/houzeo-assignment/vendor/laravel/framework/src/Illuminate/Database/Connection.php(631): Illuminate\\Database\\Connection->runQueryCallback()
#11 /var/www/html/houzeo-assignment/vendor/laravel/framework/src/Illuminate/Database/Connection.php(339): Illuminate\\Database\\Connection->run()
#12 /var/www/html/houzeo-assignment/vendor/laravel/framework/src/Illuminate/Database/Schema/MySqlBuilder.php(18): Illuminate\\Database\\Connection->select()
#13 /var/www/html/houzeo-assignment/vendor/laravel/framework/src/Illuminate/Database/Migrations/DatabaseMigrationRepository.php(169): Illuminate\\Database\\Schema\\MySqlBuilder->hasTable()
#14 /var/www/html/houzeo-assignment/vendor/laravel/framework/src/Illuminate/Database/Migrations/Migrator.php(608): Illuminate\\Database\\Migrations\\DatabaseMigrationRepository->repositoryExists()
#15 /var/www/html/houzeo-assignment/vendor/laravel/framework/src/Illuminate/Database/Console/Migrations/MigrateCommand.php(93): Illuminate\\Database\\Migrations\\Migrator->repositoryExists()
#16 /var/www/html/houzeo-assignment/vendor/laravel/framework/src/Illuminate/Database/Console/Migrations/MigrateCommand.php(64): Illuminate\\Database\\Console\\Migrations\\MigrateCommand->prepareDatabase()
#17 /var/www/html/houzeo-assignment/vendor/laravel/framework/src/Illuminate/Database/Migrations/Migrator.php(541): Illuminate\\Database\\Console\\Migrations\\MigrateCommand->Illuminate\\Database\\Console\\Migrations\\{closure}()
#18 /var/www/html/houzeo-assignment/vendor/laravel/framework/src/Illuminate/Database/Console/Migrations/MigrateCommand.php(81): Illuminate\\Database\\Migrations\\Migrator->usingConnection()
#19 /var/www/html/houzeo-assignment/vendor/laravel/framework/src/Illuminate/Container/BoundMethod.php(36): Illuminate\\Database\\Console\\Migrations\\MigrateCommand->handle()
#20 /var/www/html/houzeo-assignment/vendor/laravel/framework/src/Illuminate/Container/Util.php(37): Illuminate\\Container\\BoundMethod::Illuminate\\Container\\{closure}()
#21 /var/www/html/houzeo-assignment/vendor/laravel/framework/src/Illuminate/Container/BoundMethod.php(93): Illuminate\\Container\\Util::unwrapIfClosure()
#22 /var/www/html/houzeo-assignment/vendor/laravel/framework/src/Illuminate/Container/BoundMethod.php(37): Illuminate\\Container\\BoundMethod::callBoundMethod()
#23 /var/www/html/houzeo-assignment/vendor/laravel/framework/src/Illuminate/Container/Container.php(596): Illuminate\\Container\\BoundMethod::call()
#24 /var/www/html/houzeo-assignment/vendor/laravel/framework/src/Illuminate/Console/Command.php(134): Illuminate\\Container\\Container->call()
#25 /var/www/html/houzeo-assignment/vendor/symfony/console/Command/Command.php(256): Illuminate\\Console\\Command->execute()
#26 /var/www/html/houzeo-assignment/vendor/laravel/framework/src/Illuminate/Console/Command.php(121): Symfony\\Component\\Console\\Command\\Command->run()
#27 /var/www/html/houzeo-assignment/vendor/symfony/console/Application.php(971): Illuminate\\Console\\Command->run()
#28 /var/www/html/houzeo-assignment/vendor/symfony/console/Application.php(290): Symfony\\Component\\Console\\Application->doRunCommand()
#29 /var/www/html/houzeo-assignment/vendor/symfony/console/Application.php(166): Symfony\\Component\\Console\\Application->doRun()
#30 /var/www/html/houzeo-assignment/vendor/laravel/framework/src/Illuminate/Console/Application.php(93): Symfony\\Component\\Console\\Application->run()
#31 /var/www/html/houzeo-assignment/vendor/laravel/framework/src/Illuminate/Foundation/Console/Kernel.php(129): Illuminate\\Console\\Application->run()
#32 /var/www/html/houzeo-assignment/artisan(37): Illuminate\\Foundation\\Console\\Kernel->handle()
#33 {main}
"} 
[2025-02-11 10:42:18] local.ERROR: could not find driver (SQL: SHOW FULL TABLES WHERE table_type = 'BASE TABLE') {"exception":"[object] (Illuminate\\Database\\QueryException(code: 0): could not find driver (SQL: SHOW FULL TABLES WHERE table_type = 'BASE TABLE') at /var/www/html/houzeo-assignment/vendor/laravel/framework/src/Illuminate/Database/Connection.php:671)
[stacktrace]
#0 /var/www/html/houzeo-assignment/vendor/laravel/framework/src/Illuminate/Database/Connection.php(631): Illuminate\\Database\\Connection->runQueryCallback()
#1 /var/www/html/houzeo-assignment/vendor/laravel/framework/src/Illuminate/Database/Connection.php(339): Illuminate\\Database\\Connection->run()
#2 /var/www/html/houzeo-assignment/vendor/laravel/framework/src/Illuminate/Database/Schema/MySqlBuilder.php(99): Illuminate\\Database\\Connection->select()
#3 /var/www/html/houzeo-assignment/vendor/laravel/framework/src/Illuminate/Database/Schema/MySqlBuilder.php(48): Illuminate\\Database\\Schema\\MySqlBuilder->getAllTables()
#4 /var/www/html/houzeo-assignment/vendor/laravel/framework/src/Illuminate/Database/Console/WipeCommand.php(69): Illuminate\\Database\\Schema\\MySqlBuilder->dropAllTables()
#5 /var/www/html/houzeo-assignment/vendor/laravel/framework/src/Illuminate/Database/Console/WipeCommand.php(46): Illuminate\\Database\\Console\\WipeCommand->dropAllTables()
#6 /var/www/html/houzeo-assignment/vendor/laravel/framework/src/Illuminate/Container/BoundMethod.php(36): Illuminate\\Database\\Console\\WipeCommand->handle()
#7 /var/www/html/houzeo-assignment/vendor/laravel/framework/src/Illuminate/Container/Util.php(37): Illuminate\\Container\\BoundMethod::Illuminate\\Container\\{closure}()
#8 /var/www/html/houzeo-assignment/vendor/laravel/framework/src/Illuminate/Container/BoundMethod.php(93): Illuminate\\Container\\Util::unwrapIfClosure()
#9 /var/www/html/houzeo-assignment/vendor/laravel/framework/src/Illuminate/Container/BoundMethod.php(37): Illuminate\\Container\\BoundMethod::callBoundMethod()
#10 /var/www/html/houzeo-assignment/vendor/laravel/framework/src/Illuminate/Container/Container.php(596): Illuminate\\Container\\BoundMethod::call()
#11 /var/www/html/houzeo-assignment/vendor/laravel/framework/src/Illuminate/Console/Command.php(134): Illuminate\\Container\\Container->call()
#12 /var/www/html/houzeo-assignment/vendor/symfony/console/Command/Command.php(256): Illuminate\\Console\\Command->execute()
#13 /var/www/html/houzeo-assignment/vendor/laravel/framework/src/Illuminate/Console/Command.php(121): Symfony\\Component\\Console\\Command\\Command->run()
#14 /var/www/html/houzeo-assignment/vendor/laravel/framework/src/Illuminate/Console/Concerns/CallsCommands.php(56): Illuminate\\Console\\Command->run()
#15 /var/www/html/houzeo-assignment/vendor/laravel/framework/src/Illuminate/Console/Concerns/CallsCommands.php(28): Illuminate\\Console\\Command->runCommand()
#16 /var/www/html/houzeo-assignment/vendor/laravel/framework/src/Illuminate/Database/Console/Migrations/FreshCommand.php(41): Illuminate\\Console\\Command->call()
#17 /var/www/html/houzeo-assignment/vendor/laravel/framework/src/Illuminate/Container/BoundMethod.php(36): Illuminate\\Database\\Console\\Migrations\\FreshCommand->handle()
#18 /var/www/html/houzeo-assignment/vendor/laravel/framework/src/Illuminate/Container/Util.php(37): Illuminate\\Container\\BoundMethod::Illuminate\\Container\\{closure}()
#19 /var/www/html/houzeo-assignment/vendor/laravel/framework/src/Illuminate/Container/BoundMethod.php(93): Illuminate\\Container\\Util::unwrapIfClosure()
#20 /var/www/html/houzeo-assignment/vendor/laravel/framework/src/Illuminate/Container/BoundMethod.php(37): Illuminate\\Container\\BoundMethod::callBoundMethod()
#21 /var/www/html/houzeo-assignment/vendor/laravel/framework/src/Illuminate/Container/Container.php(596): Illuminate\\Container\\BoundMethod::call()
#22 /var/www/html/houzeo-assignment/vendor/laravel/framework/src/Illuminate/Console/Command.php(134): Illuminate\\Container\\Container->call()
#23 /var/www/html/houzeo-assignment/vendor/symfony/console/Command/Command.php(256): Illuminate\\Console\\Command->execute()
#24 /var/www/html/houzeo-assignment/vendor/laravel/framework/src/Illuminate/Console/Command.php(121): Symfony\\Component\\Console\\Command\\Command->run()
#25 /var/www/html/houzeo-assignment/vendor/symfony/console/Application.php(971): Illuminate\\Console\\Command->run()
#26 /var/www/html/houzeo-assignment/vendor/symfony/console/Application.php(290): Symfony\\Component\\Console\\Application->doRunCommand()
#27 /var/www/html/houzeo-assignment/vendor/symfony/console/Application.php(166): Symfony\\Component\\Console\\Application->doRun()
#28 /var/www/html/houzeo-assignment/vendor/laravel/framework/src/Illuminate/Console/Application.php(93): Symfony\\Component\\Console\\Application->run()
#29 /var/www/html/houzeo-assignment/vendor/laravel/framework/src/Illuminate/Foundation/Console/Kernel.php(129): Illuminate\\Console\\Application->run()
#30 /var/www/html/houzeo-assignment/artisan(37): Illuminate\\Foundation\\Console\\Kernel->handle()
#31 {main}

[previous exception] [object] (PDOException(code: 0): could not find driver at /var/www/html/houzeo-assignment/vendor/laravel/framework/src/Illuminate/Database/Connectors/Connector.php:70)
[stacktrace]
#0 /var/www/html/houzeo-assignment/vendor/laravel/framework/src/Illuminate/Database/Connectors/Connector.php(70): PDO->__construct()
#1 /var/www/html/houzeo-assignment/vendor/laravel/framework/src/Illuminate/Database/Connectors/Connector.php(46): Illuminate\\Database\\Connectors\\Connector->createPdoConnection()
#2 /var/www/html/houzeo-assignment/vendor/laravel/framework/src/Illuminate/Database/Connectors/MySqlConnector.php(24): Illuminate\\Database\\Connectors\\Connector->createConnection()
#3 /var/www/html/houzeo-assignment/vendor/laravel/framework/src/Illuminate/Database/Connectors/ConnectionFactory.php(184): Illuminate\\Database\\Connectors\\MySqlConnector->connect()
#4 [internal function]: Illuminate\\Database\\Connectors\\ConnectionFactory->Illuminate\\Database\\Connectors\\{closure}()
#5 /var/www/html/houzeo-assignment/vendor/laravel/framework/src/Illuminate/Database/Connection.php(926): call_user_func()
#6 /var/www/html/houzeo-assignment/vendor/laravel/framework/src/Illuminate/Database/Connection.php(961): Illuminate\\Database\\Connection->getPdo()
#7 /var/www/html/houzeo-assignment/vendor/laravel/framework/src/Illuminate/Database/Connection.php(405): Illuminate\\Database\\Connection->getReadPdo()
#8 /var/www/html/houzeo-assignment/vendor/laravel/framework/src/Illuminate/Database/Connection.php(331): Illuminate\\Database\\Connection->getPdoForSelect()
#9 /var/www/html/houzeo-assignment/vendor/laravel/framework/src/Illuminate/Database/Connection.php(664): Illuminate\\Database\\Connection->Illuminate\\Database\\{closure}()
#10 /var/www/html/houzeo-assignment/vendor/laravel/framework/src/Illuminate/Database/Connection.php(631): Illuminate\\Database\\Connection->runQueryCallback()
#11 /var/www/html/houzeo-assignment/vendor/laravel/framework/src/Illuminate/Database/Connection.php(339): Illuminate\\Database\\Connection->run()
#12 /var/www/html/houzeo-assignment/vendor/laravel/framework/src/Illuminate/Database/Schema/MySqlBuilder.php(99): Illuminate\\Database\\Connection->select()
#13 /var/www/html/houzeo-assignment/vendor/laravel/framework/src/Illuminate/Database/Schema/MySqlBuilder.php(48): Illuminate\\Database\\Schema\\MySqlBuilder->getAllTables()
#14 /var/www/html/houzeo-assignment/vendor/laravel/framework/src/Illuminate/Database/Console/WipeCommand.php(69): Illuminate\\Database\\Schema\\MySqlBuilder->dropAllTables()
#15 /var/www/html/houzeo-assignment/vendor/laravel/framework/src/Illuminate/Database/Console/WipeCommand.php(46): Illuminate\\Database\\Console\\WipeCommand->dropAllTables()
#16 /var/www/html/houzeo-assignment/vendor/laravel/framework/src/Illuminate/Container/BoundMethod.php(36): Illuminate\\Database\\Console\\WipeCommand->handle()
#17 /var/www/html/houzeo-assignment/vendor/laravel/framework/src/Illuminate/Container/Util.php(37): Illuminate\\Container\\BoundMethod::Illuminate\\Container\\{closure}()
#18 /var/www/html/houzeo-assignment/vendor/laravel/framework/src/Illuminate/Container/BoundMethod.php(93): Illuminate\\Container\\Util::unwrapIfClosure()
#19 /var/www/html/houzeo-assignment/vendor/laravel/framework/src/Illuminate/Container/BoundMethod.php(37): Illuminate\\Container\\BoundMethod::callBoundMethod()
#20 /var/www/html/houzeo-assignment/vendor/laravel/framework/src/Illuminate/Container/Container.php(596): Illuminate\\Container\\BoundMethod::call()
#21 /var/www/html/houzeo-assignment/vendor/laravel/framework/src/Illuminate/Console/Command.php(134): Illuminate\\Container\\Container->call()
#22 /var/www/html/houzeo-assignment/vendor/symfony/console/Command/Command.php(256): Illuminate\\Console\\Command->execute()
#23 /var/www/html/houzeo-assignment/vendor/laravel/framework/src/Illuminate/Console/Command.php(121): Symfony\\Component\\Console\\Command\\Command->run()
#24 /var/www/html/houzeo-assignment/vendor/laravel/framework/src/Illuminate/Console/Concerns/CallsCommands.php(56): Illuminate\\Console\\Command->run()
#25 /var/www/html/houzeo-assignment/vendor/laravel/framework/src/Illuminate/Console/Concerns/CallsCommands.php(28): Illuminate\\Console\\Command->runCommand()
#26 /var/www/html/houzeo-assignment/vendor/laravel/framework/src/Illuminate/Database/Console/Migrations/FreshCommand.php(41): Illuminate\\Console\\Command->call()
#27 /var/www/html/houzeo-assignment/vendor/laravel/framework/src/Illuminate/Container/BoundMethod.php(36): Illuminate\\Database\\Console\\Migrations\\FreshCommand->handle()
#28 /var/www/html/houzeo-assignment/vendor/laravel/framework/src/Illuminate/Container/Util.php(37): Illuminate\\Container\\BoundMethod::Illuminate\\Container\\{closure}()
#29 /var/www/html/houzeo-assignment/vendor/laravel/framework/src/Illuminate/Container/BoundMethod.php(93): Illuminate\\Container\\Util::unwrapIfClosure()
#30 /var/www/html/houzeo-assignment/vendor/laravel/framework/src/Illuminate/Container/BoundMethod.php(37): Illuminate\\Container\\BoundMethod::callBoundMethod()
#31 /var/www/html/houzeo-assignment/vendor/laravel/framework/src/Illuminate/Container/Container.php(596): Illuminate\\Container\\BoundMethod::call()
#32 /var/www/html/houzeo-assignment/vendor/laravel/framework/src/Illuminate/Console/Command.php(134): Illuminate\\Container\\Container->call()
#33 /var/www/html/houzeo-assignment/vendor/symfony/console/Command/Command.php(256): Illuminate\\Console\\Command->execute()
#34 /var/www/html/houzeo-assignment/vendor/laravel/framework/src/Illuminate/Console/Command.php(121): Symfony\\Component\\Console\\Command\\Command->run()
#35 /var/www/html/houzeo-assignment/vendor/symfony/console/Application.php(971): Illuminate\\Console\\Command->run()
#36 /var/www/html/houzeo-assignment/vendor/symfony/console/Application.php(290): Symfony\\Component\\Console\\Application->doRunCommand()
#37 /var/www/html/houzeo-assignment/vendor/symfony/console/Application.php(166): Symfony\\Component\\Console\\Application->doRun()
#38 /var/www/html/houzeo-assignment/vendor/laravel/framework/src/Illuminate/Console/Application.php(93): Symfony\\Component\\Console\\Application->run()
#39 /var/www/html/houzeo-assignment/vendor/laravel/framework/src/Illuminate/Foundation/Console/Kernel.php(129): Illuminate\\Console\\Application->run()
#40 /var/www/html/houzeo-assignment/artisan(37): Illuminate\\Foundation\\Console\\Kernel->handle()
#41 {main}
"} 
[2025-02-11 10:57:46] laravel.EMERGENCY: Unable to create configured logger. Using emergency logger. {"exception":"[object] (Error(code: 0): Class \"Illuminate\\Support\\Collection\" not found at /var/www/html/houzeo-assignment/vendor/laravel/framework/src/Illuminate/Support/helpers.php:110)
[stacktrace]
#0 /var/www/html/houzeo-assignment/vendor/laravel/framework/src/Illuminate/Log/LogManager.php(240): collect()
#1 /var/www/html/houzeo-assignment/vendor/laravel/framework/src/Illuminate/Log/LogManager.php(202): Illuminate\\Log\\LogManager->createStackDriver()
#2 /var/www/html/houzeo-assignment/vendor/laravel/framework/src/Illuminate/Log/LogManager.php(118): Illuminate\\Log\\LogManager->resolve()
#3 /var/www/html/houzeo-assignment/vendor/laravel/framework/src/Illuminate/Log/LogManager.php(98): Illuminate\\Log\\LogManager->get()
#4 /var/www/html/houzeo-assignment/vendor/laravel/framework/src/Illuminate/Log/LogManager.php(547): Illuminate\\Log\\LogManager->driver()
#5 /var/www/html/houzeo-assignment/vendor/laravel/framework/src/Illuminate/Foundation/Exceptions/Handler.php(118): Illuminate\\Log\\LogManager->error()
#6 /var/www/html/houzeo-assignment/app/Exceptions/Handler.php(39): Illuminate\\Foundation\\Exceptions\\Handler->report()
#7 /var/www/html/houzeo-assignment/vendor/laravel/framework/src/Illuminate/Foundation/Bootstrap/HandleExceptions.php(88): App\\Exceptions\\Handler->report()
#8 /var/www/html/houzeo-assignment/vendor/laravel/framework/src/Illuminate/Foundation/Bootstrap/HandleExceptions.php(130): Illuminate\\Foundation\\Bootstrap\\HandleExceptions->handleException()
#9 [internal function]: Illuminate\\Foundation\\Bootstrap\\HandleExceptions->handleShutdown()
#10 {main}
"} 
[2025-02-11 10:57:46] laravel.ERROR: During inheritance of ArrayAccess: Uncaught ErrorException: Return type of Illuminate\Support\Collection::offsetExists($key) should either be compatible with ArrayAccess::offsetExists(mixed $offset): bool, or the #[\ReturnTypeWillChange] attribute should be used to temporarily suppress the notice in /var/www/html/houzeo-assignment/vendor/laravel/framework/src/Illuminate/Support/Collection.php:1349
Stack trace:
#0 /var/www/html/houzeo-assignment/vendor/laravel/framework/src/Illuminate/Support/Collection.php(11): Illuminate\Foundation\Bootstrap\HandleExceptions->handleError()
#1 /var/www/html/houzeo-assignment/vendor/composer/ClassLoader.php(576): include('...')
#2 /var/www/html/houzeo-assignment/vendor/composer/ClassLoader.php(427): Composer\Autoload\{closure}()
#3 /var/www/html/houzeo-assignment/vendor/laravel/framework/src/Illuminate/Support/helpers.php(110): Composer\Autoload\ClassLoader->loadClass()
#4 /var/www/html/houzeo-assignment/vendor/laravel/framework/src/Illuminate/Foundation/PackageManifest.php(89): collect()
#5 /var/www/html/houzeo-assignment/vendor/laravel/framework/src/Illuminate/Foundation/PackageManifest.php(78): Illuminate\Foundation\PackageManifest->config()
#6 /var/www/html/houzeo-assignment/vendor/laravel/framework/src/Illuminate/Foundation/Bootstrap/RegisterFacades.php(26): Illuminate\Foundation\PackageManifest->aliases()
#7 /var/www/html/houzeo-assignment/vendor/laravel/framework/src/Illuminate/Foundation/Application.php(230): Illuminate\Foundation\Bootstrap\RegisterFacades->bootstrap()
#8 /var/www/html/houzeo-assignment/vendor/laravel/framework/src/Illuminate/Foundation/Console/Kernel.php(310): Illuminate\Foundation\Application->bootstrapWith()
#9 /var/www/html/houzeo-assignment/vendor/_laravel_ide/discover-901610af9ad0957af18489de07ea4347.php(40): Illuminate\Foundation\Console\Kernel->bootstrap()
#10 {main} {"exception":"[object] (Symfony\\Component\\ErrorHandler\\Error\\FatalError(code: 0): During inheritance of ArrayAccess: Uncaught ErrorException: Return type of Illuminate\\Support\\Collection::offsetExists($key) should either be compatible with ArrayAccess::offsetExists(mixed $offset): bool, or the #[\\ReturnTypeWillChange] attribute should be used to temporarily suppress the notice in /var/www/html/houzeo-assignment/vendor/laravel/framework/src/Illuminate/Support/Collection.php:1349
Stack trace:
#0 /var/www/html/houzeo-assignment/vendor/laravel/framework/src/Illuminate/Support/Collection.php(11): Illuminate\\Foundation\\Bootstrap\\HandleExceptions->handleError()
#1 /var/www/html/houzeo-assignment/vendor/composer/ClassLoader.php(576): include('...')
#2 /var/www/html/houzeo-assignment/vendor/composer/ClassLoader.php(427): Composer\\Autoload\\{closure}()
#3 /var/www/html/houzeo-assignment/vendor/laravel/framework/src/Illuminate/Support/helpers.php(110): Composer\\Autoload\\ClassLoader->loadClass()
#4 /var/www/html/houzeo-assignment/vendor/laravel/framework/src/Illuminate/Foundation/PackageManifest.php(89): collect()
#5 /var/www/html/houzeo-assignment/vendor/laravel/framework/src/Illuminate/Foundation/PackageManifest.php(78): Illuminate\\Foundation\\PackageManifest->config()
#6 /var/www/html/houzeo-assignment/vendor/laravel/framework/src/Illuminate/Foundation/Bootstrap/RegisterFacades.php(26): Illuminate\\Foundation\\PackageManifest->aliases()
#7 /var/www/html/houzeo-assignment/vendor/laravel/framework/src/Illuminate/Foundation/Application.php(230): Illuminate\\Foundation\\Bootstrap\\RegisterFacades->bootstrap()
#8 /var/www/html/houzeo-assignment/vendor/laravel/framework/src/Illuminate/Foundation/Console/Kernel.php(310): Illuminate\\Foundation\\Application->bootstrapWith()
#9 /var/www/html/houzeo-assignment/vendor/_laravel_ide/discover-901610af9ad0957af18489de07ea4347.php(40): Illuminate\\Foundation\\Console\\Kernel->bootstrap()
#10 {main} at /var/www/html/houzeo-assignment/vendor/laravel/framework/src/Illuminate/Support/Collection.php:11)
[stacktrace]
#0 {main}
"} 
[2025-02-11 10:57:46] laravel.EMERGENCY: Unable to create configured logger. Using emergency logger. {"exception":"[object] (Error(code: 0): Class \"Illuminate\\Support\\Collection\" not found at /var/www/html/houzeo-assignment/vendor/laravel/framework/src/Illuminate/Support/helpers.php:110)
[stacktrace]
#0 /var/www/html/houzeo-assignment/vendor/laravel/framework/src/Illuminate/Log/LogManager.php(240): collect()
#1 /var/www/html/houzeo-assignment/vendor/laravel/framework/src/Illuminate/Log/LogManager.php(202): Illuminate\\Log\\LogManager->createStackDriver()
#2 /var/www/html/houzeo-assignment/vendor/laravel/framework/src/Illuminate/Log/LogManager.php(118): Illuminate\\Log\\LogManager->resolve()
#3 /var/www/html/houzeo-assignment/vendor/laravel/framework/src/Illuminate/Log/LogManager.php(98): Illuminate\\Log\\LogManager->get()
#4 /var/www/html/houzeo-assignment/vendor/laravel/framework/src/Illuminate/Log/LogManager.php(547): Illuminate\\Log\\LogManager->driver()
#5 /var/www/html/houzeo-assignment/vendor/laravel/framework/src/Illuminate/Foundation/Exceptions/Handler.php(118): Illuminate\\Log\\LogManager->error()
#6 /var/www/html/houzeo-assignment/app/Exceptions/Handler.php(39): Illuminate\\Foundation\\Exceptions\\Handler->report()
#7 /var/www/html/houzeo-assignment/vendor/laravel/framework/src/Illuminate/Foundation/Bootstrap/HandleExceptions.php(88): App\\Exceptions\\Handler->report()
#8 /var/www/html/houzeo-assignment/vendor/laravel/framework/src/Illuminate/Foundation/Bootstrap/HandleExceptions.php(130): Illuminate\\Foundation\\Bootstrap\\HandleExceptions->handleException()
#9 [internal function]: Illuminate\\Foundation\\Bootstrap\\HandleExceptions->handleShutdown()
#10 {main}
"} 
[2025-02-11 10:57:46] laravel.EMERGENCY: Unable to create configured logger. Using emergency logger. {"exception":"[object] (Error(code: 0): Class \"Illuminate\\Support\\Collection\" not found at /var/www/html/houzeo-assignment/vendor/laravel/framework/src/Illuminate/Support/helpers.php:110)
[stacktrace]
#0 /var/www/html/houzeo-assignment/vendor/laravel/framework/src/Illuminate/Log/LogManager.php(240): collect()
#1 /var/www/html/houzeo-assignment/vendor/laravel/framework/src/Illuminate/Log/LogManager.php(202): Illuminate\\Log\\LogManager->createStackDriver()
#2 /var/www/html/houzeo-assignment/vendor/laravel/framework/src/Illuminate/Log/LogManager.php(118): Illuminate\\Log\\LogManager->resolve()
#3 /var/www/html/houzeo-assignment/vendor/laravel/framework/src/Illuminate/Log/LogManager.php(98): Illuminate\\Log\\LogManager->get()
#4 /var/www/html/houzeo-assignment/vendor/laravel/framework/src/Illuminate/Log/LogManager.php(547): Illuminate\\Log\\LogManager->driver()
#5 /var/www/html/houzeo-assignment/vendor/laravel/framework/src/Illuminate/Foundation/Exceptions/Handler.php(118): Illuminate\\Log\\LogManager->error()
#6 /var/www/html/houzeo-assignment/app/Exceptions/Handler.php(39): Illuminate\\Foundation\\Exceptions\\Handler->report()
#7 /var/www/html/houzeo-assignment/vendor/laravel/framework/src/Illuminate/Foundation/Bootstrap/HandleExceptions.php(88): App\\Exceptions\\Handler->report()
#8 /var/www/html/houzeo-assignment/vendor/laravel/framework/src/Illuminate/Foundation/Bootstrap/HandleExceptions.php(130): Illuminate\\Foundation\\Bootstrap\\HandleExceptions->handleException()
#9 [internal function]: Illuminate\\Foundation\\Bootstrap\\HandleExceptions->handleShutdown()
#10 {main}
"} 
[2025-02-11 10:57:46] laravel.ERROR: During inheritance of ArrayAccess: Uncaught ErrorException: Return type of Illuminate\Support\Collection::offsetExists($key) should either be compatible with ArrayAccess::offsetExists(mixed $offset): bool, or the #[\ReturnTypeWillChange] attribute should be used to temporarily suppress the notice in /var/www/html/houzeo-assignment/vendor/laravel/framework/src/Illuminate/Support/Collection.php:1349
Stack trace:
#0 /var/www/html/houzeo-assignment/vendor/laravel/framework/src/Illuminate/Support/Collection.php(11): Illuminate\Foundation\Bootstrap\HandleExceptions->handleError()
#1 /var/www/html/houzeo-assignment/vendor/composer/ClassLoader.php(576): include('...')
#2 /var/www/html/houzeo-assignment/vendor/composer/ClassLoader.php(427): Composer\Autoload\{closure}()
#3 /var/www/html/houzeo-assignment/vendor/laravel/framework/src/Illuminate/Support/helpers.php(110): Composer\Autoload\ClassLoader->loadClass()
#4 /var/www/html/houzeo-assignment/vendor/laravel/framework/src/Illuminate/Foundation/PackageManifest.php(89): collect()
#5 /var/www/html/houzeo-assignment/vendor/laravel/framework/src/Illuminate/Foundation/PackageManifest.php(78): Illuminate\Foundation\PackageManifest->config()
#6 /var/www/html/houzeo-assignment/vendor/laravel/framework/src/Illuminate/Foundation/Bootstrap/RegisterFacades.php(26): Illuminate\Foundation\PackageManifest->aliases()
#7 /var/www/html/houzeo-assignment/vendor/laravel/framework/src/Illuminate/Foundation/Application.php(230): Illuminate\Foundation\Bootstrap\RegisterFacades->bootstrap()
#8 /var/www/html/houzeo-assignment/vendor/laravel/framework/src/Illuminate/Foundation/Console/Kernel.php(310): Illuminate\Foundation\Application->bootstrapWith()
#9 /var/www/html/houzeo-assignment/vendor/_laravel_ide/discover-08ca3741faf1d46a7a395c21316b2452.php(40): Illuminate\Foundation\Console\Kernel->bootstrap()
#10 {main} {"exception":"[object] (Symfony\\Component\\ErrorHandler\\Error\\FatalError(code: 0): During inheritance of ArrayAccess: Uncaught ErrorException: Return type of Illuminate\\Support\\Collection::offsetExists($key) should either be compatible with ArrayAccess::offsetExists(mixed $offset): bool, or the #[\\ReturnTypeWillChange] attribute should be used to temporarily suppress the notice in /var/www/html/houzeo-assignment/vendor/laravel/framework/src/Illuminate/Support/Collection.php:1349
Stack trace:
#0 /var/www/html/houzeo-assignment/vendor/laravel/framework/src/Illuminate/Support/Collection.php(11): Illuminate\\Foundation\\Bootstrap\\HandleExceptions->handleError()
#1 /var/www/html/houzeo-assignment/vendor/composer/ClassLoader.php(576): include('...')
#2 /var/www/html/houzeo-assignment/vendor/composer/ClassLoader.php(427): Composer\\Autoload\\{closure}()
#3 /var/www/html/houzeo-assignment/vendor/laravel/framework/src/Illuminate/Support/helpers.php(110): Composer\\Autoload\\ClassLoader->loadClass()
#4 /var/www/html/houzeo-assignment/vendor/laravel/framework/src/Illuminate/Foundation/PackageManifest.php(89): collect()
#5 /var/www/html/houzeo-assignment/vendor/laravel/framework/src/Illuminate/Foundation/PackageManifest.php(78): Illuminate\\Foundation\\PackageManifest->config()
#6 /var/www/html/houzeo-assignment/vendor/laravel/framework/src/Illuminate/Foundation/Bootstrap/RegisterFacades.php(26): Illuminate\\Foundation\\PackageManifest->aliases()
#7 /var/www/html/houzeo-assignment/vendor/laravel/framework/src/Illuminate/Foundation/Application.php(230): Illuminate\\Foundation\\Bootstrap\\RegisterFacades->bootstrap()
#8 /var/www/html/houzeo-assignment/vendor/laravel/framework/src/Illuminate/Foundation/Console/Kernel.php(310): Illuminate\\Foundation\\Application->bootstrapWith()
#9 /var/www/html/houzeo-assignment/vendor/_laravel_ide/discover-08ca3741faf1d46a7a395c21316b2452.php(40): Illuminate\\Foundation\\Console\\Kernel->bootstrap()
#10 {main} at /var/www/html/houzeo-assignment/vendor/laravel/framework/src/Illuminate/Support/Collection.php:11)
[stacktrace]
#0 {main}
"} 
[2025-02-11 10:57:46] laravel.ERROR: During inheritance of ArrayAccess: Uncaught ErrorException: Return type of Illuminate\Support\Collection::offsetExists($key) should either be compatible with ArrayAccess::offsetExists(mixed $offset): bool, or the #[\ReturnTypeWillChange] attribute should be used to temporarily suppress the notice in /var/www/html/houzeo-assignment/vendor/laravel/framework/src/Illuminate/Support/Collection.php:1349
Stack trace:
#0 /var/www/html/houzeo-assignment/vendor/laravel/framework/src/Illuminate/Support/Collection.php(11): Illuminate\Foundation\Bootstrap\HandleExceptions->handleError()
#1 /var/www/html/houzeo-assignment/vendor/composer/ClassLoader.php(576): include('...')
#2 /var/www/html/houzeo-assignment/vendor/composer/ClassLoader.php(427): Composer\Autoload\{closure}()
#3 /var/www/html/houzeo-assignment/vendor/laravel/framework/src/Illuminate/Support/helpers.php(110): Composer\Autoload\ClassLoader->loadClass()
#4 /var/www/html/houzeo-assignment/vendor/laravel/framework/src/Illuminate/Foundation/PackageManifest.php(89): collect()
#5 /var/www/html/houzeo-assignment/vendor/laravel/framework/src/Illuminate/Foundation/PackageManifest.php(78): Illuminate\Foundation\PackageManifest->config()
#6 /var/www/html/houzeo-assignment/vendor/laravel/framework/src/Illuminate/Foundation/Bootstrap/RegisterFacades.php(26): Illuminate\Foundation\PackageManifest->aliases()
#7 /var/www/html/houzeo-assignment/vendor/laravel/framework/src/Illuminate/Foundation/Application.php(230): Illuminate\Foundation\Bootstrap\RegisterFacades->bootstrap()
#8 /var/www/html/houzeo-assignment/vendor/laravel/framework/src/Illuminate/Foundation/Console/Kernel.php(310): Illuminate\Foundation\Application->bootstrapWith()
#9 /var/www/html/houzeo-assignment/vendor/_laravel_ide/discover-3e2e90ed831bcc0de1ed14119ef5173f.php(40): Illuminate\Foundation\Console\Kernel->bootstrap()
#10 {main} {"exception":"[object] (Symfony\\Component\\ErrorHandler\\Error\\FatalError(code: 0): During inheritance of ArrayAccess: Uncaught ErrorException: Return type of Illuminate\\Support\\Collection::offsetExists($key) should either be compatible with ArrayAccess::offsetExists(mixed $offset): bool, or the #[\\ReturnTypeWillChange] attribute should be used to temporarily suppress the notice in /var/www/html/houzeo-assignment/vendor/laravel/framework/src/Illuminate/Support/Collection.php:1349
Stack trace:
#0 /var/www/html/houzeo-assignment/vendor/laravel/framework/src/Illuminate/Support/Collection.php(11): Illuminate\\Foundation\\Bootstrap\\HandleExceptions->handleError()
#1 /var/www/html/houzeo-assignment/vendor/composer/ClassLoader.php(576): include('...')
#2 /var/www/html/houzeo-assignment/vendor/composer/ClassLoader.php(427): Composer\\Autoload\\{closure}()
#3 /var/www/html/houzeo-assignment/vendor/laravel/framework/src/Illuminate/Support/helpers.php(110): Composer\\Autoload\\ClassLoader->loadClass()
#4 /var/www/html/houzeo-assignment/vendor/laravel/framework/src/Illuminate/Foundation/PackageManifest.php(89): collect()
#5 /var/www/html/houzeo-assignment/vendor/laravel/framework/src/Illuminate/Foundation/PackageManifest.php(78): Illuminate\\Foundation\\PackageManifest->config()
#6 /var/www/html/houzeo-assignment/vendor/laravel/framework/src/Illuminate/Foundation/Bootstrap/RegisterFacades.php(26): Illuminate\\Foundation\\PackageManifest->aliases()
#7 /var/www/html/houzeo-assignment/vendor/laravel/framework/src/Illuminate/Foundation/Application.php(230): Illuminate\\Foundation\\Bootstrap\\RegisterFacades->bootstrap()
#8 /var/www/html/houzeo-assignment/vendor/laravel/framework/src/Illuminate/Foundation/Console/Kernel.php(310): Illuminate\\Foundation\\Application->bootstrapWith()
#9 /var/www/html/houzeo-assignment/vendor/_laravel_ide/discover-3e2e90ed831bcc0de1ed14119ef5173f.php(40): Illuminate\\Foundation\\Console\\Kernel->bootstrap()
#10 {main} at /var/www/html/houzeo-assignment/vendor/laravel/framework/src/Illuminate/Support/Collection.php:11)
[stacktrace]
#0 {main}
"} 
[2025-02-11 10:57:46] laravel.EMERGENCY: Unable to create configured logger. Using emergency logger. {"exception":"[object] (Error(code: 0): Class \"Illuminate\\Support\\Collection\" not found at /var/www/html/houzeo-assignment/vendor/laravel/framework/src/Illuminate/Support/helpers.php:110)
[stacktrace]
#0 /var/www/html/houzeo-assignment/vendor/laravel/framework/src/Illuminate/Log/LogManager.php(240): collect()
#1 /var/www/html/houzeo-assignment/vendor/laravel/framework/src/Illuminate/Log/LogManager.php(202): Illuminate\\Log\\LogManager->createStackDriver()
#2 /var/www/html/houzeo-assignment/vendor/laravel/framework/src/Illuminate/Log/LogManager.php(118): Illuminate\\Log\\LogManager->resolve()
#3 /var/www/html/houzeo-assignment/vendor/laravel/framework/src/Illuminate/Log/LogManager.php(98): Illuminate\\Log\\LogManager->get()
#4 /var/www/html/houzeo-assignment/vendor/laravel/framework/src/Illuminate/Log/LogManager.php(547): Illuminate\\Log\\LogManager->driver()
#5 /var/www/html/houzeo-assignment/vendor/laravel/framework/src/Illuminate/Foundation/Exceptions/Handler.php(118): Illuminate\\Log\\LogManager->error()
#6 /var/www/html/houzeo-assignment/app/Exceptions/Handler.php(39): Illuminate\\Foundation\\Exceptions\\Handler->report()
#7 /var/www/html/houzeo-assignment/vendor/laravel/framework/src/Illuminate/Foundation/Bootstrap/HandleExceptions.php(88): App\\Exceptions\\Handler->report()
#8 /var/www/html/houzeo-assignment/vendor/laravel/framework/src/Illuminate/Foundation/Bootstrap/HandleExceptions.php(130): Illuminate\\Foundation\\Bootstrap\\HandleExceptions->handleException()
#9 [internal function]: Illuminate\\Foundation\\Bootstrap\\HandleExceptions->handleShutdown()
#10 {main}
"} 
[2025-02-11 10:57:46] laravel.ERROR: During inheritance of ArrayAccess: Uncaught ErrorException: Return type of Illuminate\Support\Collection::offsetExists($key) should either be compatible with ArrayAccess::offsetExists(mixed $offset): bool, or the #[\ReturnTypeWillChange] attribute should be used to temporarily suppress the notice in /var/www/html/houzeo-assignment/vendor/laravel/framework/src/Illuminate/Support/Collection.php:1349
Stack trace:
#0 /var/www/html/houzeo-assignment/vendor/laravel/framework/src/Illuminate/Support/Collection.php(11): Illuminate\Foundation\Bootstrap\HandleExceptions->handleError()
#1 /var/www/html/houzeo-assignment/vendor/composer/ClassLoader.php(576): include('...')
#2 /var/www/html/houzeo-assignment/vendor/composer/ClassLoader.php(427): Composer\Autoload\{closure}()
#3 /var/www/html/houzeo-assignment/vendor/laravel/framework/src/Illuminate/Support/helpers.php(110): Composer\Autoload\ClassLoader->loadClass()
#4 /var/www/html/houzeo-assignment/vendor/laravel/framework/src/Illuminate/Foundation/PackageManifest.php(89): collect()
#5 /var/www/html/houzeo-assignment/vendor/laravel/framework/src/Illuminate/Foundation/PackageManifest.php(78): Illuminate\Foundation\PackageManifest->config()
#6 /var/www/html/houzeo-assignment/vendor/laravel/framework/src/Illuminate/Foundation/Bootstrap/RegisterFacades.php(26): Illuminate\Foundation\PackageManifest->aliases()
#7 /var/www/html/houzeo-assignment/vendor/laravel/framework/src/Illuminate/Foundation/Application.php(230): Illuminate\Foundation\Bootstrap\RegisterFacades->bootstrap()
#8 /var/www/html/houzeo-assignment/vendor/laravel/framework/src/Illuminate/Foundation/Console/Kernel.php(310): Illuminate\Foundation\Application->bootstrapWith()
#9 /var/www/html/houzeo-assignment/vendor/_laravel_ide/discover-b99b28e578f5c38b3c9d0f2281964289.php(40): Illuminate\Foundation\Console\Kernel->bootstrap()
#10 {main} {"exception":"[object] (Symfony\\Component\\ErrorHandler\\Error\\FatalError(code: 0): During inheritance of ArrayAccess: Uncaught ErrorException: Return type of Illuminate\\Support\\Collection::offsetExists($key) should either be compatible with ArrayAccess::offsetExists(mixed $offset): bool, or the #[\\ReturnTypeWillChange] attribute should be used to temporarily suppress the notice in /var/www/html/houzeo-assignment/vendor/laravel/framework/src/Illuminate/Support/Collection.php:1349
Stack trace:
#0 /var/www/html/houzeo-assignment/vendor/laravel/framework/src/Illuminate/Support/Collection.php(11): Illuminate\\Foundation\\Bootstrap\\HandleExceptions->handleError()
#1 /var/www/html/houzeo-assignment/vendor/composer/ClassLoader.php(576): include('...')
#2 /var/www/html/houzeo-assignment/vendor/composer/ClassLoader.php(427): Composer\\Autoload\\{closure}()
#3 /var/www/html/houzeo-assignment/vendor/laravel/framework/src/Illuminate/Support/helpers.php(110): Composer\\Autoload\\ClassLoader->loadClass()
#4 /var/www/html/houzeo-assignment/vendor/laravel/framework/src/Illuminate/Foundation/PackageManifest.php(89): collect()
#5 /var/www/html/houzeo-assignment/vendor/laravel/framework/src/Illuminate/Foundation/PackageManifest.php(78): Illuminate\\Foundation\\PackageManifest->config()
#6 /var/www/html/houzeo-assignment/vendor/laravel/framework/src/Illuminate/Foundation/Bootstrap/RegisterFacades.php(26): Illuminate\\Foundation\\PackageManifest->aliases()
#7 /var/www/html/houzeo-assignment/vendor/laravel/framework/src/Illuminate/Foundation/Application.php(230): Illuminate\\Foundation\\Bootstrap\\RegisterFacades->bootstrap()
#8 /var/www/html/houzeo-assignment/vendor/laravel/framework/src/Illuminate/Foundation/Console/Kernel.php(310): Illuminate\\Foundation\\Application->bootstrapWith()
#9 /var/www/html/houzeo-assignment/vendor/_laravel_ide/discover-b99b28e578f5c38b3c9d0f2281964289.php(40): Illuminate\\Foundation\\Console\\Kernel->bootstrap()
#10 {main} at /var/www/html/houzeo-assignment/vendor/laravel/framework/src/Illuminate/Support/Collection.php:11)
[stacktrace]
#0 {main}
"} 
[2025-02-11 10:57:46] laravel.EMERGENCY: Unable to create configured logger. Using emergency logger. {"exception":"[object] (Error(code: 0): Class \"Illuminate\\Support\\Collection\" not found at /var/www/html/houzeo-assignment/vendor/laravel/framework/src/Illuminate/Support/helpers.php:110)
[stacktrace]
#0 /var/www/html/houzeo-assignment/vendor/laravel/framework/src/Illuminate/Log/LogManager.php(240): collect()
#1 /var/www/html/houzeo-assignment/vendor/laravel/framework/src/Illuminate/Log/LogManager.php(202): Illuminate\\Log\\LogManager->createStackDriver()
#2 /var/www/html/houzeo-assignment/vendor/laravel/framework/src/Illuminate/Log/LogManager.php(118): Illuminate\\Log\\LogManager->resolve()
#3 /var/www/html/houzeo-assignment/vendor/laravel/framework/src/Illuminate/Log/LogManager.php(98): Illuminate\\Log\\LogManager->get()
#4 /var/www/html/houzeo-assignment/vendor/laravel/framework/src/Illuminate/Log/LogManager.php(547): Illuminate\\Log\\LogManager->driver()
#5 /var/www/html/houzeo-assignment/vendor/laravel/framework/src/Illuminate/Foundation/Exceptions/Handler.php(118): Illuminate\\Log\\LogManager->error()
#6 /var/www/html/houzeo-assignment/app/Exceptions/Handler.php(39): Illuminate\\Foundation\\Exceptions\\Handler->report()
#7 /var/www/html/houzeo-assignment/vendor/laravel/framework/src/Illuminate/Foundation/Bootstrap/HandleExceptions.php(88): App\\Exceptions\\Handler->report()
#8 /var/www/html/houzeo-assignment/vendor/laravel/framework/src/Illuminate/Foundation/Bootstrap/HandleExceptions.php(130): Illuminate\\Foundation\\Bootstrap\\HandleExceptions->handleException()
#9 [internal function]: Illuminate\\Foundation\\Bootstrap\\HandleExceptions->handleShutdown()
#10 {main}
"} 
[2025-02-11 10:57:46] laravel.ERROR: During inheritance of ArrayAccess: Uncaught ErrorException: Return type of Illuminate\Support\Collection::offsetExists($key) should either be compatible with ArrayAccess::offsetExists(mixed $offset): bool, or the #[\ReturnTypeWillChange] attribute should be used to temporarily suppress the notice in /var/www/html/houzeo-assignment/vendor/laravel/framework/src/Illuminate/Support/Collection.php:1349
Stack trace:
#0 /var/www/html/houzeo-assignment/vendor/laravel/framework/src/Illuminate/Support/Collection.php(11): Illuminate\Foundation\Bootstrap\HandleExceptions->handleError()
#1 /var/www/html/houzeo-assignment/vendor/composer/ClassLoader.php(576): include('...')
#2 /var/www/html/houzeo-assignment/vendor/composer/ClassLoader.php(427): Composer\Autoload\{closure}()
#3 /var/www/html/houzeo-assignment/vendor/laravel/framework/src/Illuminate/Support/helpers.php(110): Composer\Autoload\ClassLoader->loadClass()
#4 /var/www/html/houzeo-assignment/vendor/laravel/framework/src/Illuminate/Foundation/PackageManifest.php(89): collect()
#5 /var/www/html/houzeo-assignment/vendor/laravel/framework/src/Illuminate/Foundation/PackageManifest.php(78): Illuminate\Foundation\PackageManifest->config()
#6 /var/www/html/houzeo-assignment/vendor/laravel/framework/src/Illuminate/Foundation/Bootstrap/RegisterFacades.php(26): Illuminate\Foundation\PackageManifest->aliases()
#7 /var/www/html/houzeo-assignment/vendor/laravel/framework/src/Illuminate/Foundation/Application.php(230): Illuminate\Foundation\Bootstrap\RegisterFacades->bootstrap()
#8 /var/www/html/houzeo-assignment/vendor/laravel/framework/src/Illuminate/Foundation/Console/Kernel.php(310): Illuminate\Foundation\Application->bootstrapWith()
#9 /var/www/html/houzeo-assignment/vendor/_laravel_ide/discover-40199d8881331644f6cc2ae275db18b1.php(40): Illuminate\Foundation\Console\Kernel->bootstrap()
#10 {main} {"exception":"[object] (Symfony\\Component\\ErrorHandler\\Error\\FatalError(code: 0): During inheritance of ArrayAccess: Uncaught ErrorException: Return type of Illuminate\\Support\\Collection::offsetExists($key) should either be compatible with ArrayAccess::offsetExists(mixed $offset): bool, or the #[\\ReturnTypeWillChange] attribute should be used to temporarily suppress the notice in /var/www/html/houzeo-assignment/vendor/laravel/framework/src/Illuminate/Support/Collection.php:1349
Stack trace:
#0 /var/www/html/houzeo-assignment/vendor/laravel/framework/src/Illuminate/Support/Collection.php(11): Illuminate\\Foundation\\Bootstrap\\HandleExceptions->handleError()
#1 /var/www/html/houzeo-assignment/vendor/composer/ClassLoader.php(576): include('...')
#2 /var/www/html/houzeo-assignment/vendor/composer/ClassLoader.php(427): Composer\\Autoload\\{closure}()
#3 /var/www/html/houzeo-assignment/vendor/laravel/framework/src/Illuminate/Support/helpers.php(110): Composer\\Autoload\\ClassLoader->loadClass()
#4 /var/www/html/houzeo-assignment/vendor/laravel/framework/src/Illuminate/Foundation/PackageManifest.php(89): collect()
#5 /var/www/html/houzeo-assignment/vendor/laravel/framework/src/Illuminate/Foundation/PackageManifest.php(78): Illuminate\\Foundation\\PackageManifest->config()
#6 /var/www/html/houzeo-assignment/vendor/laravel/framework/src/Illuminate/Foundation/Bootstrap/RegisterFacades.php(26): Illuminate\\Foundation\\PackageManifest->aliases()
#7 /var/www/html/houzeo-assignment/vendor/laravel/framework/src/Illuminate/Foundation/Application.php(230): Illuminate\\Foundation\\Bootstrap\\RegisterFacades->bootstrap()
#8 /var/www/html/houzeo-assignment/vendor/laravel/framework/src/Illuminate/Foundation/Console/Kernel.php(310): Illuminate\\Foundation\\Application->bootstrapWith()
#9 /var/www/html/houzeo-assignment/vendor/_laravel_ide/discover-40199d8881331644f6cc2ae275db18b1.php(40): Illuminate\\Foundation\\Console\\Kernel->bootstrap()
#10 {main} at /var/www/html/houzeo-assignment/vendor/laravel/framework/src/Illuminate/Support/Collection.php:11)
[stacktrace]
#0 {main}
"} 
[2025-02-11 10:57:46] laravel.EMERGENCY: Unable to create configured logger. Using emergency logger. {"exception":"[object] (Error(code: 0): Class \"Illuminate\\Support\\Collection\" not found at /var/www/html/houzeo-assignment/vendor/laravel/framework/src/Illuminate/Support/helpers.php:110)
[stacktrace]
#0 /var/www/html/houzeo-assignment/vendor/laravel/framework/src/Illuminate/Log/LogManager.php(240): collect()
#1 /var/www/html/houzeo-assignment/vendor/laravel/framework/src/Illuminate/Log/LogManager.php(202): Illuminate\\Log\\LogManager->createStackDriver()
#2 /var/www/html/houzeo-assignment/vendor/laravel/framework/src/Illuminate/Log/LogManager.php(118): Illuminate\\Log\\LogManager->resolve()
#3 /var/www/html/houzeo-assignment/vendor/laravel/framework/src/Illuminate/Log/LogManager.php(98): Illuminate\\Log\\LogManager->get()
#4 /var/www/html/houzeo-assignment/vendor/laravel/framework/src/Illuminate/Log/LogManager.php(547): Illuminate\\Log\\LogManager->driver()
#5 /var/www/html/houzeo-assignment/vendor/laravel/framework/src/Illuminate/Foundation/Exceptions/Handler.php(118): Illuminate\\Log\\LogManager->error()
#6 /var/www/html/houzeo-assignment/app/Exceptions/Handler.php(39): Illuminate\\Foundation\\Exceptions\\Handler->report()
#7 /var/www/html/houzeo-assignment/vendor/laravel/framework/src/Illuminate/Foundation/Bootstrap/HandleExceptions.php(88): App\\Exceptions\\Handler->report()
#8 /var/www/html/houzeo-assignment/vendor/laravel/framework/src/Illuminate/Foundation/Bootstrap/HandleExceptions.php(130): Illuminate\\Foundation\\Bootstrap\\HandleExceptions->handleException()
#9 [internal function]: Illuminate\\Foundation\\Bootstrap\\HandleExceptions->handleShutdown()
#10 {main}
"} 
[2025-02-11 10:57:46] laravel.ERROR: During inheritance of ArrayAccess: Uncaught ErrorException: Return type of Illuminate\Support\Collection::offsetExists($key) should either be compatible with ArrayAccess::offsetExists(mixed $offset): bool, or the #[\ReturnTypeWillChange] attribute should be used to temporarily suppress the notice in /var/www/html/houzeo-assignment/vendor/laravel/framework/src/Illuminate/Support/Collection.php:1349
Stack trace:
#0 /var/www/html/houzeo-assignment/vendor/laravel/framework/src/Illuminate/Support/Collection.php(11): Illuminate\Foundation\Bootstrap\HandleExceptions->handleError()
#1 /var/www/html/houzeo-assignment/vendor/composer/ClassLoader.php(576): include('...')
#2 /var/www/html/houzeo-assignment/vendor/composer/ClassLoader.php(427): Composer\Autoload\{closure}()
#3 /var/www/html/houzeo-assignment/vendor/laravel/framework/src/Illuminate/Support/helpers.php(110): Composer\Autoload\ClassLoader->loadClass()
#4 /var/www/html/houzeo-assignment/vendor/laravel/framework/src/Illuminate/Foundation/PackageManifest.php(89): collect()
#5 /var/www/html/houzeo-assignment/vendor/laravel/framework/src/Illuminate/Foundation/PackageManifest.php(78): Illuminate\Foundation\PackageManifest->config()
#6 /var/www/html/houzeo-assignment/vendor/laravel/framework/src/Illuminate/Foundation/Bootstrap/RegisterFacades.php(26): Illuminate\Foundation\PackageManifest->aliases()
#7 /var/www/html/houzeo-assignment/vendor/laravel/framework/src/Illuminate/Foundation/Application.php(230): Illuminate\Foundation\Bootstrap\RegisterFacades->bootstrap()
#8 /var/www/html/houzeo-assignment/vendor/laravel/framework/src/Illuminate/Foundation/Console/Kernel.php(310): Illuminate\Foundation\Application->bootstrapWith()
#9 /var/www/html/houzeo-assignment/vendor/_laravel_ide/discover-530d08079160b818447e713a9113d549.php(40): Illuminate\Foundation\Console\Kernel->bootstrap()
#10 {main} {"exception":"[object] (Symfony\\Component\\ErrorHandler\\Error\\FatalError(code: 0): During inheritance of ArrayAccess: Uncaught ErrorException: Return type of Illuminate\\Support\\Collection::offsetExists($key) should either be compatible with ArrayAccess::offsetExists(mixed $offset): bool, or the #[\\ReturnTypeWillChange] attribute should be used to temporarily suppress the notice in /var/www/html/houzeo-assignment/vendor/laravel/framework/src/Illuminate/Support/Collection.php:1349
Stack trace:
#0 /var/www/html/houzeo-assignment/vendor/laravel/framework/src/Illuminate/Support/Collection.php(11): Illuminate\\Foundation\\Bootstrap\\HandleExceptions->handleError()
#1 /var/www/html/houzeo-assignment/vendor/composer/ClassLoader.php(576): include('...')
#2 /var/www/html/houzeo-assignment/vendor/composer/ClassLoader.php(427): Composer\\Autoload\\{closure}()
#3 /var/www/html/houzeo-assignment/vendor/laravel/framework/src/Illuminate/Support/helpers.php(110): Composer\\Autoload\\ClassLoader->loadClass()
#4 /var/www/html/houzeo-assignment/vendor/laravel/framework/src/Illuminate/Foundation/PackageManifest.php(89): collect()
#5 /var/www/html/houzeo-assignment/vendor/laravel/framework/src/Illuminate/Foundation/PackageManifest.php(78): Illuminate\\Foundation\\PackageManifest->config()
#6 /var/www/html/houzeo-assignment/vendor/laravel/framework/src/Illuminate/Foundation/Bootstrap/RegisterFacades.php(26): Illuminate\\Foundation\\PackageManifest->aliases()
#7 /var/www/html/houzeo-assignment/vendor/laravel/framework/src/Illuminate/Foundation/Application.php(230): Illuminate\\Foundation\\Bootstrap\\RegisterFacades->bootstrap()
#8 /var/www/html/houzeo-assignment/vendor/laravel/framework/src/Illuminate/Foundation/Console/Kernel.php(310): Illuminate\\Foundation\\Application->bootstrapWith()
#9 /var/www/html/houzeo-assignment/vendor/_laravel_ide/discover-530d08079160b818447e713a9113d549.php(40): Illuminate\\Foundation\\Console\\Kernel->bootstrap()
#10 {main} at /var/www/html/houzeo-assignment/vendor/laravel/framework/src/Illuminate/Support/Collection.php:11)
[stacktrace]
#0 {main}
"} 
[2025-02-11 10:57:46] laravel.EMERGENCY: Unable to create configured logger. Using emergency logger. {"exception":"[object] (Error(code: 0): Class \"Illuminate\\Support\\Collection\" not found at /var/www/html/houzeo-assignment/vendor/laravel/framework/src/Illuminate/Support/helpers.php:110)
[stacktrace]
#0 /var/www/html/houzeo-assignment/vendor/laravel/framework/src/Illuminate/Log/LogManager.php(240): collect()
#1 /var/www/html/houzeo-assignment/vendor/laravel/framework/src/Illuminate/Log/LogManager.php(202): Illuminate\\Log\\LogManager->createStackDriver()
#2 /var/www/html/houzeo-assignment/vendor/laravel/framework/src/Illuminate/Log/LogManager.php(118): Illuminate\\Log\\LogManager->resolve()
#3 /var/www/html/houzeo-assignment/vendor/laravel/framework/src/Illuminate/Log/LogManager.php(98): Illuminate\\Log\\LogManager->get()
#4 /var/www/html/houzeo-assignment/vendor/laravel/framework/src/Illuminate/Log/LogManager.php(547): Illuminate\\Log\\LogManager->driver()
#5 /var/www/html/houzeo-assignment/vendor/laravel/framework/src/Illuminate/Foundation/Exceptions/Handler.php(118): Illuminate\\Log\\LogManager->error()
#6 /var/www/html/houzeo-assignment/app/Exceptions/Handler.php(39): Illuminate\\Foundation\\Exceptions\\Handler->report()
#7 /var/www/html/houzeo-assignment/vendor/laravel/framework/src/Illuminate/Foundation/Bootstrap/HandleExceptions.php(88): App\\Exceptions\\Handler->report()
#8 /var/www/html/houzeo-assignment/vendor/laravel/framework/src/Illuminate/Foundation/Bootstrap/HandleExceptions.php(130): Illuminate\\Foundation\\Bootstrap\\HandleExceptions->handleException()
#9 [internal function]: Illuminate\\Foundation\\Bootstrap\\HandleExceptions->handleShutdown()
#10 {main}
"} 
[2025-02-11 10:57:46] laravel.ERROR: During inheritance of ArrayAccess: Uncaught ErrorException: Return type of Illuminate\Support\Collection::offsetExists($key) should either be compatible with ArrayAccess::offsetExists(mixed $offset): bool, or the #[\ReturnTypeWillChange] attribute should be used to temporarily suppress the notice in /var/www/html/houzeo-assignment/vendor/laravel/framework/src/Illuminate/Support/Collection.php:1349
Stack trace:
#0 /var/www/html/houzeo-assignment/vendor/laravel/framework/src/Illuminate/Support/Collection.php(11): Illuminate\Foundation\Bootstrap\HandleExceptions->handleError()
#1 /var/www/html/houzeo-assignment/vendor/composer/ClassLoader.php(576): include('...')
#2 /var/www/html/houzeo-assignment/vendor/composer/ClassLoader.php(427): Composer\Autoload\{closure}()
#3 /var/www/html/houzeo-assignment/vendor/laravel/framework/src/Illuminate/Support/helpers.php(110): Composer\Autoload\ClassLoader->loadClass()
#4 /var/www/html/houzeo-assignment/vendor/laravel/framework/src/Illuminate/Foundation/PackageManifest.php(89): collect()
#5 /var/www/html/houzeo-assignment/vendor/laravel/framework/src/Illuminate/Foundation/PackageManifest.php(78): Illuminate\Foundation\PackageManifest->config()
#6 /var/www/html/houzeo-assignment/vendor/laravel/framework/src/Illuminate/Foundation/Bootstrap/RegisterFacades.php(26): Illuminate\Foundation\PackageManifest->aliases()
#7 /var/www/html/houzeo-assignment/vendor/laravel/framework/src/Illuminate/Foundation/Application.php(230): Illuminate\Foundation\Bootstrap\RegisterFacades->bootstrap()
#8 /var/www/html/houzeo-assignment/vendor/laravel/framework/src/Illuminate/Foundation/Console/Kernel.php(310): Illuminate\Foundation\Application->bootstrapWith()
#9 /var/www/html/houzeo-assignment/vendor/_laravel_ide/discover-9bf70685f88c341f6dfa31892eff8be2.php(40): Illuminate\Foundation\Console\Kernel->bootstrap()
#10 {main} {"exception":"[object] (Symfony\\Component\\ErrorHandler\\Error\\FatalError(code: 0): During inheritance of ArrayAccess: Uncaught ErrorException: Return type of Illuminate\\Support\\Collection::offsetExists($key) should either be compatible with ArrayAccess::offsetExists(mixed $offset): bool, or the #[\\ReturnTypeWillChange] attribute should be used to temporarily suppress the notice in /var/www/html/houzeo-assignment/vendor/laravel/framework/src/Illuminate/Support/Collection.php:1349
Stack trace:
#0 /var/www/html/houzeo-assignment/vendor/laravel/framework/src/Illuminate/Support/Collection.php(11): Illuminate\\Foundation\\Bootstrap\\HandleExceptions->handleError()
#1 /var/www/html/houzeo-assignment/vendor/composer/ClassLoader.php(576): include('...')
#2 /var/www/html/houzeo-assignment/vendor/composer/ClassLoader.php(427): Composer\\Autoload\\{closure}()
#3 /var/www/html/houzeo-assignment/vendor/laravel/framework/src/Illuminate/Support/helpers.php(110): Composer\\Autoload\\ClassLoader->loadClass()
#4 /var/www/html/houzeo-assignment/vendor/laravel/framework/src/Illuminate/Foundation/PackageManifest.php(89): collect()
#5 /var/www/html/houzeo-assignment/vendor/laravel/framework/src/Illuminate/Foundation/PackageManifest.php(78): Illuminate\\Foundation\\PackageManifest->config()
#6 /var/www/html/houzeo-assignment/vendor/laravel/framework/src/Illuminate/Foundation/Bootstrap/RegisterFacades.php(26): Illuminate\\Foundation\\PackageManifest->aliases()
#7 /var/www/html/houzeo-assignment/vendor/laravel/framework/src/Illuminate/Foundation/Application.php(230): Illuminate\\Foundation\\Bootstrap\\RegisterFacades->bootstrap()
#8 /var/www/html/houzeo-assignment/vendor/laravel/framework/src/Illuminate/Foundation/Console/Kernel.php(310): Illuminate\\Foundation\\Application->bootstrapWith()
#9 /var/www/html/houzeo-assignment/vendor/_laravel_ide/discover-9bf70685f88c341f6dfa31892eff8be2.php(40): Illuminate\\Foundation\\Console\\Kernel->bootstrap()
#10 {main} at /var/www/html/houzeo-assignment/vendor/laravel/framework/src/Illuminate/Support/Collection.php:11)
[stacktrace]
#0 {main}
"} 
[2025-02-11 10:57:46] laravel.EMERGENCY: Unable to create configured logger. Using emergency logger. {"exception":"[object] (Error(code: 0): Class \"Illuminate\\Support\\Collection\" not found at /var/www/html/houzeo-assignment/vendor/laravel/framework/src/Illuminate/Support/helpers.php:110)
[stacktrace]
#0 /var/www/html/houzeo-assignment/vendor/laravel/framework/src/Illuminate/Log/LogManager.php(240): collect()
#1 /var/www/html/houzeo-assignment/vendor/laravel/framework/src/Illuminate/Log/LogManager.php(202): Illuminate\\Log\\LogManager->createStackDriver()
#2 /var/www/html/houzeo-assignment/vendor/laravel/framework/src/Illuminate/Log/LogManager.php(118): Illuminate\\Log\\LogManager->resolve()
#3 /var/www/html/houzeo-assignment/vendor/laravel/framework/src/Illuminate/Log/LogManager.php(98): Illuminate\\Log\\LogManager->get()
#4 /var/www/html/houzeo-assignment/vendor/laravel/framework/src/Illuminate/Log/LogManager.php(547): Illuminate\\Log\\LogManager->driver()
#5 /var/www/html/houzeo-assignment/vendor/laravel/framework/src/Illuminate/Foundation/Exceptions/Handler.php(118): Illuminate\\Log\\LogManager->error()
#6 /var/www/html/houzeo-assignment/app/Exceptions/Handler.php(39): Illuminate\\Foundation\\Exceptions\\Handler->report()
#7 /var/www/html/houzeo-assignment/vendor/laravel/framework/src/Illuminate/Foundation/Bootstrap/HandleExceptions.php(88): App\\Exceptions\\Handler->report()
#8 /var/www/html/houzeo-assignment/vendor/laravel/framework/src/Illuminate/Foundation/Bootstrap/HandleExceptions.php(130): Illuminate\\Foundation\\Bootstrap\\HandleExceptions->handleException()
#9 [internal function]: Illuminate\\Foundation\\Bootstrap\\HandleExceptions->handleShutdown()
#10 {main}
"} 
[2025-02-11 10:57:46] laravel.ERROR: During inheritance of ArrayAccess: Uncaught ErrorException: Return type of Illuminate\Support\Collection::offsetExists($key) should either be compatible with ArrayAccess::offsetExists(mixed $offset): bool, or the #[\ReturnTypeWillChange] attribute should be used to temporarily suppress the notice in /var/www/html/houzeo-assignment/vendor/laravel/framework/src/Illuminate/Support/Collection.php:1349
Stack trace:
#0 /var/www/html/houzeo-assignment/vendor/laravel/framework/src/Illuminate/Support/Collection.php(11): Illuminate\Foundation\Bootstrap\HandleExceptions->handleError()
#1 /var/www/html/houzeo-assignment/vendor/composer/ClassLoader.php(576): include('...')
#2 /var/www/html/houzeo-assignment/vendor/composer/ClassLoader.php(427): Composer\Autoload\{closure}()
#3 /var/www/html/houzeo-assignment/vendor/laravel/framework/src/Illuminate/Support/helpers.php(110): Composer\Autoload\ClassLoader->loadClass()
#4 /var/www/html/houzeo-assignment/vendor/laravel/framework/src/Illuminate/Foundation/PackageManifest.php(89): collect()
#5 /var/www/html/houzeo-assignment/vendor/laravel/framework/src/Illuminate/Foundation/PackageManifest.php(78): Illuminate\Foundation\PackageManifest->config()
#6 /var/www/html/houzeo-assignment/vendor/laravel/framework/src/Illuminate/Foundation/Bootstrap/RegisterFacades.php(26): Illuminate\Foundation\PackageManifest->aliases()
#7 /var/www/html/houzeo-assignment/vendor/laravel/framework/src/Illuminate/Foundation/Application.php(230): Illuminate\Foundation\Bootstrap\RegisterFacades->bootstrap()
#8 /var/www/html/houzeo-assignment/vendor/laravel/framework/src/Illuminate/Foundation/Console/Kernel.php(310): Illuminate\Foundation\Application->bootstrapWith()
#9 /var/www/html/houzeo-assignment/vendor/_laravel_ide/discover-f3a2771f5dd0fb4a124f5232984fde23.php(40): Illuminate\Foundation\Console\Kernel->bootstrap()
#10 {main} {"exception":"[object] (Symfony\\Component\\ErrorHandler\\Error\\FatalError(code: 0): During inheritance of ArrayAccess: Uncaught ErrorException: Return type of Illuminate\\Support\\Collection::offsetExists($key) should either be compatible with ArrayAccess::offsetExists(mixed $offset): bool, or the #[\\ReturnTypeWillChange] attribute should be used to temporarily suppress the notice in /var/www/html/houzeo-assignment/vendor/laravel/framework/src/Illuminate/Support/Collection.php:1349
Stack trace:
#0 /var/www/html/houzeo-assignment/vendor/laravel/framework/src/Illuminate/Support/Collection.php(11): Illuminate\\Foundation\\Bootstrap\\HandleExceptions->handleError()
#1 /var/www/html/houzeo-assignment/vendor/composer/ClassLoader.php(576): include('...')
#2 /var/www/html/houzeo-assignment/vendor/composer/ClassLoader.php(427): Composer\\Autoload\\{closure}()
#3 /var/www/html/houzeo-assignment/vendor/laravel/framework/src/Illuminate/Support/helpers.php(110): Composer\\Autoload\\ClassLoader->loadClass()
#4 /var/www/html/houzeo-assignment/vendor/laravel/framework/src/Illuminate/Foundation/PackageManifest.php(89): collect()
#5 /var/www/html/houzeo-assignment/vendor/laravel/framework/src/Illuminate/Foundation/PackageManifest.php(78): Illuminate\\Foundation\\PackageManifest->config()
#6 /var/www/html/houzeo-assignment/vendor/laravel/framework/src/Illuminate/Foundation/Bootstrap/RegisterFacades.php(26): Illuminate\\Foundation\\PackageManifest->aliases()
#7 /var/www/html/houzeo-assignment/vendor/laravel/framework/src/Illuminate/Foundation/Application.php(230): Illuminate\\Foundation\\Bootstrap\\RegisterFacades->bootstrap()
#8 /var/www/html/houzeo-assignment/vendor/laravel/framework/src/Illuminate/Foundation/Console/Kernel.php(310): Illuminate\\Foundation\\Application->bootstrapWith()
#9 /var/www/html/houzeo-assignment/vendor/_laravel_ide/discover-f3a2771f5dd0fb4a124f5232984fde23.php(40): Illuminate\\Foundation\\Console\\Kernel->bootstrap()
#10 {main} at /var/www/html/houzeo-assignment/vendor/laravel/framework/src/Illuminate/Support/Collection.php:11)
[stacktrace]
#0 {main}
"} 
[2025-02-11 10:57:46] laravel.EMERGENCY: Unable to create configured logger. Using emergency logger. {"exception":"[object] (Error(code: 0): Class \"Illuminate\\Support\\Collection\" not found at /var/www/html/houzeo-assignment/vendor/laravel/framework/src/Illuminate/Support/helpers.php:110)
[stacktrace]
#0 /var/www/html/houzeo-assignment/vendor/laravel/framework/src/Illuminate/Log/LogManager.php(240): collect()
#1 /var/www/html/houzeo-assignment/vendor/laravel/framework/src/Illuminate/Log/LogManager.php(202): Illuminate\\Log\\LogManager->createStackDriver()
#2 /var/www/html/houzeo-assignment/vendor/laravel/framework/src/Illuminate/Log/LogManager.php(118): Illuminate\\Log\\LogManager->resolve()
#3 /var/www/html/houzeo-assignment/vendor/laravel/framework/src/Illuminate/Log/LogManager.php(98): Illuminate\\Log\\LogManager->get()
#4 /var/www/html/houzeo-assignment/vendor/laravel/framework/src/Illuminate/Log/LogManager.php(547): Illuminate\\Log\\LogManager->driver()
#5 /var/www/html/houzeo-assignment/vendor/laravel/framework/src/Illuminate/Foundation/Exceptions/Handler.php(118): Illuminate\\Log\\LogManager->error()
#6 /var/www/html/houzeo-assignment/app/Exceptions/Handler.php(39): Illuminate\\Foundation\\Exceptions\\Handler->report()
#7 /var/www/html/houzeo-assignment/vendor/laravel/framework/src/Illuminate/Foundation/Bootstrap/HandleExceptions.php(88): App\\Exceptions\\Handler->report()
#8 /var/www/html/houzeo-assignment/vendor/laravel/framework/src/Illuminate/Foundation/Bootstrap/HandleExceptions.php(130): Illuminate\\Foundation\\Bootstrap\\HandleExceptions->handleException()
#9 [internal function]: Illuminate\\Foundation\\Bootstrap\\HandleExceptions->handleShutdown()
#10 {main}
"} 
[2025-02-11 10:57:46] laravel.ERROR: During inheritance of ArrayAccess: Uncaught ErrorException: Return type of Illuminate\Support\Collection::offsetExists($key) should either be compatible with ArrayAccess::offsetExists(mixed $offset): bool, or the #[\ReturnTypeWillChange] attribute should be used to temporarily suppress the notice in /var/www/html/houzeo-assignment/vendor/laravel/framework/src/Illuminate/Support/Collection.php:1349
Stack trace:
#0 /var/www/html/houzeo-assignment/vendor/laravel/framework/src/Illuminate/Support/Collection.php(11): Illuminate\Foundation\Bootstrap\HandleExceptions->handleError()
#1 /var/www/html/houzeo-assignment/vendor/composer/ClassLoader.php(576): include('...')
#2 /var/www/html/houzeo-assignment/vendor/composer/ClassLoader.php(427): Composer\Autoload\{closure}()
#3 /var/www/html/houzeo-assignment/vendor/laravel/framework/src/Illuminate/Support/helpers.php(110): Composer\Autoload\ClassLoader->loadClass()
#4 /var/www/html/houzeo-assignment/vendor/laravel/framework/src/Illuminate/Foundation/PackageManifest.php(89): collect()
#5 /var/www/html/houzeo-assignment/vendor/laravel/framework/src/Illuminate/Foundation/PackageManifest.php(78): Illuminate\Foundation\PackageManifest->config()
#6 /var/www/html/houzeo-assignment/vendor/laravel/framework/src/Illuminate/Foundation/Bootstrap/RegisterFacades.php(26): Illuminate\Foundation\PackageManifest->aliases()
#7 /var/www/html/houzeo-assignment/vendor/laravel/framework/src/Illuminate/Foundation/Application.php(230): Illuminate\Foundation\Bootstrap\RegisterFacades->bootstrap()
#8 /var/www/html/houzeo-assignment/vendor/laravel/framework/src/Illuminate/Foundation/Console/Kernel.php(310): Illuminate\Foundation\Application->bootstrapWith()
#9 /var/www/html/houzeo-assignment/vendor/_laravel_ide/discover-80e72d64ded45ec9ef8128f54057f665.php(40): Illuminate\Foundation\Console\Kernel->bootstrap()
#10 {main} {"exception":"[object] (Symfony\\Component\\ErrorHandler\\Error\\FatalError(code: 0): During inheritance of ArrayAccess: Uncaught ErrorException: Return type of Illuminate\\Support\\Collection::offsetExists($key) should either be compatible with ArrayAccess::offsetExists(mixed $offset): bool, or the #[\\ReturnTypeWillChange] attribute should be used to temporarily suppress the notice in /var/www/html/houzeo-assignment/vendor/laravel/framework/src/Illuminate/Support/Collection.php:1349
Stack trace:
#0 /var/www/html/houzeo-assignment/vendor/laravel/framework/src/Illuminate/Support/Collection.php(11): Illuminate\\Foundation\\Bootstrap\\HandleExceptions->handleError()
#1 /var/www/html/houzeo-assignment/vendor/composer/ClassLoader.php(576): include('...')
#2 /var/www/html/houzeo-assignment/vendor/composer/ClassLoader.php(427): Composer\\Autoload\\{closure}()
#3 /var/www/html/houzeo-assignment/vendor/laravel/framework/src/Illuminate/Support/helpers.php(110): Composer\\Autoload\\ClassLoader->loadClass()
#4 /var/www/html/houzeo-assignment/vendor/laravel/framework/src/Illuminate/Foundation/PackageManifest.php(89): collect()
#5 /var/www/html/houzeo-assignment/vendor/laravel/framework/src/Illuminate/Foundation/PackageManifest.php(78): Illuminate\\Foundation\\PackageManifest->config()
#6 /var/www/html/houzeo-assignment/vendor/laravel/framework/src/Illuminate/Foundation/Bootstrap/RegisterFacades.php(26): Illuminate\\Foundation\\PackageManifest->aliases()
#7 /var/www/html/houzeo-assignment/vendor/laravel/framework/src/Illuminate/Foundation/Application.php(230): Illuminate\\Foundation\\Bootstrap\\RegisterFacades->bootstrap()
#8 /var/www/html/houzeo-assignment/vendor/laravel/framework/src/Illuminate/Foundation/Console/Kernel.php(310): Illuminate\\Foundation\\Application->bootstrapWith()
#9 /var/www/html/houzeo-assignment/vendor/_laravel_ide/discover-80e72d64ded45ec9ef8128f54057f665.php(40): Illuminate\\Foundation\\Console\\Kernel->bootstrap()
#10 {main} at /var/www/html/houzeo-assignment/vendor/laravel/framework/src/Illuminate/Support/Collection.php:11)
[stacktrace]
#0 {main}
"} 
[2025-02-11 10:57:46] laravel.EMERGENCY: Unable to create configured logger. Using emergency logger. {"exception":"[object] (Error(code: 0): Class \"Illuminate\\Support\\Collection\" not found at /var/www/html/houzeo-assignment/vendor/laravel/framework/src/Illuminate/Support/helpers.php:110)
[stacktrace]
#0 /var/www/html/houzeo-assignment/vendor/laravel/framework/src/Illuminate/Log/LogManager.php(240): collect()
#1 /var/www/html/houzeo-assignment/vendor/laravel/framework/src/Illuminate/Log/LogManager.php(202): Illuminate\\Log\\LogManager->createStackDriver()
#2 /var/www/html/houzeo-assignment/vendor/laravel/framework/src/Illuminate/Log/LogManager.php(118): Illuminate\\Log\\LogManager->resolve()
#3 /var/www/html/houzeo-assignment/vendor/laravel/framework/src/Illuminate/Log/LogManager.php(98): Illuminate\\Log\\LogManager->get()
#4 /var/www/html/houzeo-assignment/vendor/laravel/framework/src/Illuminate/Log/LogManager.php(547): Illuminate\\Log\\LogManager->driver()
#5 /var/www/html/houzeo-assignment/vendor/laravel/framework/src/Illuminate/Foundation/Exceptions/Handler.php(118): Illuminate\\Log\\LogManager->error()
#6 /var/www/html/houzeo-assignment/app/Exceptions/Handler.php(39): Illuminate\\Foundation\\Exceptions\\Handler->report()
#7 /var/www/html/houzeo-assignment/vendor/laravel/framework/src/Illuminate/Foundation/Bootstrap/HandleExceptions.php(88): App\\Exceptions\\Handler->report()
#8 /var/www/html/houzeo-assignment/vendor/laravel/framework/src/Illuminate/Foundation/Bootstrap/HandleExceptions.php(130): Illuminate\\Foundation\\Bootstrap\\HandleExceptions->handleException()
#9 [internal function]: Illuminate\\Foundation\\Bootstrap\\HandleExceptions->handleShutdown()
#10 {main}
"} 
[2025-02-11 10:57:46] laravel.ERROR: During inheritance of ArrayAccess: Uncaught ErrorException: Return type of Illuminate\Support\Collection::offsetExists($key) should either be compatible with ArrayAccess::offsetExists(mixed $offset): bool, or the #[\ReturnTypeWillChange] attribute should be used to temporarily suppress the notice in /var/www/html/houzeo-assignment/vendor/laravel/framework/src/Illuminate/Support/Collection.php:1349
Stack trace:
#0 /var/www/html/houzeo-assignment/vendor/laravel/framework/src/Illuminate/Support/Collection.php(11): Illuminate\Foundation\Bootstrap\HandleExceptions->handleError()
#1 /var/www/html/houzeo-assignment/vendor/composer/ClassLoader.php(576): include('...')
#2 /var/www/html/houzeo-assignment/vendor/composer/ClassLoader.php(427): Composer\Autoload\{closure}()
#3 /var/www/html/houzeo-assignment/vendor/laravel/framework/src/Illuminate/Support/helpers.php(110): Composer\Autoload\ClassLoader->loadClass()
#4 /var/www/html/houzeo-assignment/vendor/laravel/framework/src/Illuminate/Foundation/PackageManifest.php(89): collect()
#5 /var/www/html/houzeo-assignment/vendor/laravel/framework/src/Illuminate/Foundation/PackageManifest.php(78): Illuminate\Foundation\PackageManifest->config()
#6 /var/www/html/houzeo-assignment/vendor/laravel/framework/src/Illuminate/Foundation/Bootstrap/RegisterFacades.php(26): Illuminate\Foundation\PackageManifest->aliases()
#7 /var/www/html/houzeo-assignment/vendor/laravel/framework/src/Illuminate/Foundation/Application.php(230): Illuminate\Foundation\Bootstrap\RegisterFacades->bootstrap()
#8 /var/www/html/houzeo-assignment/vendor/laravel/framework/src/Illuminate/Foundation/Console/Kernel.php(310): Illuminate\Foundation\Application->bootstrapWith()
#9 /var/www/html/houzeo-assignment/vendor/_laravel_ide/discover-0377b7989a3562abb42b584f29aad945.php(40): Illuminate\Foundation\Console\Kernel->bootstrap()
#10 {main} {"exception":"[object] (Symfony\\Component\\ErrorHandler\\Error\\FatalError(code: 0): During inheritance of ArrayAccess: Uncaught ErrorException: Return type of Illuminate\\Support\\Collection::offsetExists($key) should either be compatible with ArrayAccess::offsetExists(mixed $offset): bool, or the #[\\ReturnTypeWillChange] attribute should be used to temporarily suppress the notice in /var/www/html/houzeo-assignment/vendor/laravel/framework/src/Illuminate/Support/Collection.php:1349
Stack trace:
#0 /var/www/html/houzeo-assignment/vendor/laravel/framework/src/Illuminate/Support/Collection.php(11): Illuminate\\Foundation\\Bootstrap\\HandleExceptions->handleError()
#1 /var/www/html/houzeo-assignment/vendor/composer/ClassLoader.php(576): include('...')
#2 /var/www/html/houzeo-assignment/vendor/composer/ClassLoader.php(427): Composer\\Autoload\\{closure}()
#3 /var/www/html/houzeo-assignment/vendor/laravel/framework/src/Illuminate/Support/helpers.php(110): Composer\\Autoload\\ClassLoader->loadClass()
#4 /var/www/html/houzeo-assignment/vendor/laravel/framework/src/Illuminate/Foundation/PackageManifest.php(89): collect()
#5 /var/www/html/houzeo-assignment/vendor/laravel/framework/src/Illuminate/Foundation/PackageManifest.php(78): Illuminate\\Foundation\\PackageManifest->config()
#6 /var/www/html/houzeo-assignment/vendor/laravel/framework/src/Illuminate/Foundation/Bootstrap/RegisterFacades.php(26): Illuminate\\Foundation\\PackageManifest->aliases()
#7 /var/www/html/houzeo-assignment/vendor/laravel/framework/src/Illuminate/Foundation/Application.php(230): Illuminate\\Foundation\\Bootstrap\\RegisterFacades->bootstrap()
#8 /var/www/html/houzeo-assignment/vendor/laravel/framework/src/Illuminate/Foundation/Console/Kernel.php(310): Illuminate\\Foundation\\Application->bootstrapWith()
#9 /var/www/html/houzeo-assignment/vendor/_laravel_ide/discover-0377b7989a3562abb42b584f29aad945.php(40): Illuminate\\Foundation\\Console\\Kernel->bootstrap()
#10 {main} at /var/www/html/houzeo-assignment/vendor/laravel/framework/src/Illuminate/Support/Collection.php:11)
[stacktrace]
#0 {main}
"} 
[2025-02-11 10:57:46] laravel.EMERGENCY: Unable to create configured logger. Using emergency logger. {"exception":"[object] (Error(code: 0): Class \"Illuminate\\Support\\Collection\" not found at /var/www/html/houzeo-assignment/vendor/laravel/framework/src/Illuminate/Support/helpers.php:110)
[stacktrace]
#0 /var/www/html/houzeo-assignment/vendor/laravel/framework/src/Illuminate/Log/LogManager.php(240): collect()
#1 /var/www/html/houzeo-assignment/vendor/laravel/framework/src/Illuminate/Log/LogManager.php(202): Illuminate\\Log\\LogManager->createStackDriver()
#2 /var/www/html/houzeo-assignment/vendor/laravel/framework/src/Illuminate/Log/LogManager.php(118): Illuminate\\Log\\LogManager->resolve()
#3 /var/www/html/houzeo-assignment/vendor/laravel/framework/src/Illuminate/Log/LogManager.php(98): Illuminate\\Log\\LogManager->get()
#4 /var/www/html/houzeo-assignment/vendor/laravel/framework/src/Illuminate/Log/LogManager.php(547): Illuminate\\Log\\LogManager->driver()
#5 /var/www/html/houzeo-assignment/vendor/laravel/framework/src/Illuminate/Foundation/Exceptions/Handler.php(118): Illuminate\\Log\\LogManager->error()
#6 /var/www/html/houzeo-assignment/app/Exceptions/Handler.php(39): Illuminate\\Foundation\\Exceptions\\Handler->report()
#7 /var/www/html/houzeo-assignment/vendor/laravel/framework/src/Illuminate/Foundation/Bootstrap/HandleExceptions.php(88): App\\Exceptions\\Handler->report()
#8 /var/www/html/houzeo-assignment/vendor/laravel/framework/src/Illuminate/Foundation/Bootstrap/HandleExceptions.php(130): Illuminate\\Foundation\\Bootstrap\\HandleExceptions->handleException()
#9 [internal function]: Illuminate\\Foundation\\Bootstrap\\HandleExceptions->handleShutdown()
#10 {main}
"} 
[2025-02-11 10:57:46] laravel.ERROR: During inheritance of ArrayAccess: Uncaught ErrorException: Return type of Illuminate\Support\Collection::offsetExists($key) should either be compatible with ArrayAccess::offsetExists(mixed $offset): bool, or the #[\ReturnTypeWillChange] attribute should be used to temporarily suppress the notice in /var/www/html/houzeo-assignment/vendor/laravel/framework/src/Illuminate/Support/Collection.php:1349
Stack trace:
#0 /var/www/html/houzeo-assignment/vendor/laravel/framework/src/Illuminate/Support/Collection.php(11): Illuminate\Foundation\Bootstrap\HandleExceptions->handleError()
#1 /var/www/html/houzeo-assignment/vendor/composer/ClassLoader.php(576): include('...')
#2 /var/www/html/houzeo-assignment/vendor/composer/ClassLoader.php(427): Composer\Autoload\{closure}()
#3 /var/www/html/houzeo-assignment/vendor/laravel/framework/src/Illuminate/Support/helpers.php(110): Composer\Autoload\ClassLoader->loadClass()
#4 /var/www/html/houzeo-assignment/vendor/laravel/framework/src/Illuminate/Foundation/PackageManifest.php(89): collect()
#5 /var/www/html/houzeo-assignment/vendor/laravel/framework/src/Illuminate/Foundation/PackageManifest.php(78): Illuminate\Foundation\PackageManifest->config()
#6 /var/www/html/houzeo-assignment/vendor/laravel/framework/src/Illuminate/Foundation/Bootstrap/RegisterFacades.php(26): Illuminate\Foundation\PackageManifest->aliases()
#7 /var/www/html/houzeo-assignment/vendor/laravel/framework/src/Illuminate/Foundation/Application.php(230): Illuminate\Foundation\Bootstrap\RegisterFacades->bootstrap()
#8 /var/www/html/houzeo-assignment/vendor/laravel/framework/src/Illuminate/Foundation/Console/Kernel.php(310): Illuminate\Foundation\Application->bootstrapWith()
#9 /var/www/html/houzeo-assignment/vendor/_laravel_ide/discover-de1f506da4a5c2d0d4253f2c83847947.php(40): Illuminate\Foundation\Console\Kernel->bootstrap()
#10 {main} {"exception":"[object] (Symfony\\Component\\ErrorHandler\\Error\\FatalError(code: 0): During inheritance of ArrayAccess: Uncaught ErrorException: Return type of Illuminate\\Support\\Collection::offsetExists($key) should either be compatible with ArrayAccess::offsetExists(mixed $offset): bool, or the #[\\ReturnTypeWillChange] attribute should be used to temporarily suppress the notice in /var/www/html/houzeo-assignment/vendor/laravel/framework/src/Illuminate/Support/Collection.php:1349
Stack trace:
#0 /var/www/html/houzeo-assignment/vendor/laravel/framework/src/Illuminate/Support/Collection.php(11): Illuminate\\Foundation\\Bootstrap\\HandleExceptions->handleError()
#1 /var/www/html/houzeo-assignment/vendor/composer/ClassLoader.php(576): include('...')
#2 /var/www/html/houzeo-assignment/vendor/composer/ClassLoader.php(427): Composer\\Autoload\\{closure}()
#3 /var/www/html/houzeo-assignment/vendor/laravel/framework/src/Illuminate/Support/helpers.php(110): Composer\\Autoload\\ClassLoader->loadClass()
#4 /var/www/html/houzeo-assignment/vendor/laravel/framework/src/Illuminate/Foundation/PackageManifest.php(89): collect()
#5 /var/www/html/houzeo-assignment/vendor/laravel/framework/src/Illuminate/Foundation/PackageManifest.php(78): Illuminate\\Foundation\\PackageManifest->config()
#6 /var/www/html/houzeo-assignment/vendor/laravel/framework/src/Illuminate/Foundation/Bootstrap/RegisterFacades.php(26): Illuminate\\Foundation\\PackageManifest->aliases()
#7 /var/www/html/houzeo-assignment/vendor/laravel/framework/src/Illuminate/Foundation/Application.php(230): Illuminate\\Foundation\\Bootstrap\\RegisterFacades->bootstrap()
#8 /var/www/html/houzeo-assignment/vendor/laravel/framework/src/Illuminate/Foundation/Console/Kernel.php(310): Illuminate\\Foundation\\Application->bootstrapWith()
#9 /var/www/html/houzeo-assignment/vendor/_laravel_ide/discover-de1f506da4a5c2d0d4253f2c83847947.php(40): Illuminate\\Foundation\\Console\\Kernel->bootstrap()
#10 {main} at /var/www/html/houzeo-assignment/vendor/laravel/framework/src/Illuminate/Support/Collection.php:11)
[stacktrace]
#0 {main}
"} 
